<?xml version="1.0" encoding="UTF-8"?>
<testsuite name="SizeTest" tests="1" skipped="0" failures="0" errors="0" timestamp="2021-08-24T00:55:33" hostname="bellacia" time="0.12">
  <properties/>
  <testcase name="shouldGenerateTestResultFile()" classname="SizeTest" time="0.12"/>
  <system-out><![CDATA[Gson average: 1645.2233333333334
MessagePack average: 731.6266666666667
Quanta average: 703.06
Quanta2 average: 703.06
]]></system-out>
  <system-err><![CDATA[]]></system-err>
</testsuite>
