<?xml version="1.0" encoding="UTF-8"?>
<testsuite name="AllConversionTest" tests="7" skipped="0" failures="0" errors="0" timestamp="2021-08-24T00:55:15" hostname="bellacia" time="0.513">
  <properties/>
  <testcase name="shouldConvertNestedObjectsWithNestedConverter()" classname="AllConversionTest" time="0.129"/>
  <testcase name="shouldConvertPrimitiveObjectsWithNestedConverter()" classname="AllConversionTest" time="0.03"/>
  <testcase name="shouldConvertTypesWithCollections()" classname="AllConversionTest" time="0.072"/>
  <testcase name="shouldConvertArrayObjectWithNestedConverter()" classname="AllConversionTest" time="0.097"/>
  <testcase name="shouldConvertMultiDimensionalCustoms()" classname="AllConversionTest" time="0.135"/>
  <testcase name="shouldConvertPrimitiveObjects()" classname="AllConversionTest" time="0.021"/>
  <testcase name="shouldConvertMultiDimensionalPrimitives()" classname="AllConversionTest" time="0.006"/>
  <system-out><![CDATA[Binary: ???	beginning????????i????love???
efficiency>���Q�O?���?J???/��?���5��W�i�?�jM�4�@]]>&#x7f;<![CDATA[�3U���?��b��}�8��?����"\�䈮Tח��l�p}��vV=3^��??�>q�?��HG�c???�D&,Gk��ood�?C۷G<����d\���a�?r�m�qV-��m�0��W?��XF��?]]>&#x7f;<![CDATA[?�??`����X0�?N�$��?G???H��?���5��W�i�?�jM�4�@]]>&#x7f;<![CDATA[�3U���?��b��}�8��?����"\�䈮Tח��l�p}��vV=3^��??�>q�?��HG�c???�D&,Gk��ood�?C۷G<����d\���a�?r�m�qV-��m�0��W?��XF��?]]>&#x7f;<![CDATA[?�??`����X0�?N�$��?G	�?+c*?��@c�Ӱ�)J��?ŗ?�??T?y??�,�"ؘ�A�?��??$��]]>&#x7f;<![CDATA[%���ԓ?��]���ڣ�~� �?qk�#�yٶ�?�����_�*��٢"�U�y:e	�g_�%�/?>V}`?�ʅ�/����Qs#�??���$n?zd7�s��-������]]>&#x7f;<![CDATA[���+\V+�????middle????????i????love???
efficiency>���&=�Q�o`ۚ???b��jZ?�?�?%��C�8�S��Zja֢��q�?d�_ex ?�|��?�̽���^�?�B�sʸ��U?�??��?��ѓeX�?�?���n*2��\��T�cLJ_�?�ߍߚ�xFRPZP
5�u��࿢Ғm��.��-??J�d�ɾ?b?�I?�,]UϿ��;}�����>��?�8?�AĜΥ�uw�Dס%]h2s;y�n�i?�E�@�˚�?!?8X��p???���jZ?�?�?%��C�8�S��Zja֢��q�?d�_ex ?�|��?�̽���^�?�B�sʸ��U?�??��?��ѓeX�?�?���n*2��\��T�cLJ_�?�ߍߚ�xFRPZP
5�u��࿢Ғm��.��-??J�d�ɾ?b?�I?�,]UϿ��;}�����>��?�8?�AĜΥ�uw�Dס%]h2s;y�n�i?�E�@�˚�?!?8X��p?0W�"��`�?>�ON�{��ނ� @Ι]]>&#x7f;<![CDATA[��Ad?B[�K4��0�?����q[V�_���م.U�|�����z4r.����:MZ�?5�?Ң�L�?ջ���9)�0�?G��aV՜��(?�����X?H?��?��]]>&#x7f;<![CDATA[l8�g?@,������o��?��Н�㔋�P���s�^dם	s?��i��?^����\�P?vۣs;>�?���l �p��#�>��%????end
Hex: 00 00 00 09 62 65 67 69 6E 6E 69 6E 67 00 00 00 03 00 00 00 01 69 00 00 00 04 6C 6F 76 65 00 00 00 0A 65 66 66 69 63 69 65 6E 63 79 3E AA AA AB 51 90 4F 11 F6 D4 CF 03 4A 00 00 01 2F EF BF BD EF BF BD 0C EF BF BD EF BF BD EF BF BD 35 EF BF BD EF BF BD 57 EF BF BD 69 EF BF BD 1B EF BF BD 6A 4D EF BF BD 34 EF BF BD 40 7F EF BF BD 33 55 EF BF BD EF BF BD EF BF BD 18 EF BF BD EF BF BD 62 EF BF BD EF BF BD 7D EF BF BD 38 EF BF BD EF BF BD 18 EF BF BD EF BF BD EF BF BD EF BF BD 22 5C 0D EF BF BD E4 88 AE 54 D7 97 EF BF BD EF BF BD 6C EF BF BD 70 7D EF BF BD EF BF BD 76 56 3D 33 5E EF BF BD EF BF BD 0E 12 EF BF BD 3E 71 EF BF BD 1C EF BF BD EF BF BD 48 47 EF BF BD 63 00 1A 1A EF BF BD 44 26 2C 47 6B EF BF BD EF BF BD 6F 6F 64 EF BF BD 14 43 DB B7 47 3C EF BF BD EF BF BD EF BF BD EF BF BD 64 5C EF BF BD EF BF BD EF BF BD 61 EF BF BD 06 72 EF BF BD 6D EF BF BD 71 56 2D EF BF BD EF BF BD 6D EF BF BD 30 EF BF BD EF BF BD 57 03 EF BF BD EF BF BD 58 46 EF BF BD EF BF BD 1A 7F 0F EF BF BD 14 07 60 EF BF BD EF BF BD EF BF BD EF BF BD 58 30 EF BF BD 16 4E EF BF BD 24 EF BF BD EF BF BD 1B 47 00 00 01 48 9C DE 0C BF 98 D4 35 92 8B 57 A7 69 BC 1B DC 6A 4D 88 34 8A 40 7F 83 33 55 E8 BF C1 9A 18 D9 CD 62 F9 90 7D BA 38 A9 F3 18 CA F7 9F E7 22 5C 0D E6 B0 E4 88 AE 54 D7 97 E2 F6 6C C8 70 7D FF F3 76 56 3D 33 5E 9F DE 0E 12 D8 3E 71 D0 1C 9D D8 48 47 F0 96 63 00 1A 1A F7 44 26 2C 47 6B FD 99 6F 6F 64 EE 9B 14 43 DB B7 47 3C D1 CF F5 8D 64 5C F3 C9 C8 61 F3 A1 06 72 CC 6D AC 71 56 2D A9 A7 6D E4 30 FF 92 57 03 A6 9E 58 46 D4 EF 1A 7F 0F C5 14 07 60 80 85 DB D4 58 30 C6 16 4E EE 24 BF DE 1B 47 09 DE 0C 2B 63 2A 10 D3 DE 40 63 8E D3 B0 DF 29 4A DE C9 18 C5 97 08 E2 B1 02 05 54 19 79 10 10 B0 2C D0 22 D8 98 86 41 85 01 94 EF 1B 1C 24 EC BD FA 7F 25 8E B9 A3 D4 93 1C A7 C9 5D F0 F9 C4 DA A3 92 7E CF 20 C5 17 71 6B C2 23 E2 79 D9 B6 8C 1C B9 AB 9D A1 E9 9D 5F E2 2A 9B F5 D9 A2 22 E6 A0 55 E7 79 3A 65 09 E0 67 5F AD 25 F7 2F 1B 3E 56 7D 60 05 A7 CA 85 8C 2F 95 F4 90 A1 51 73 23 D4 05 05 EA E7 A9 D1 24 6E 1E 7A 64 37 C4 73 8D C8 2D E8 FB E4 D4 EF E7 BA 7F 8B A2 8D 2B 5C 56 2B AF 0D 00 00 00 06 6D 69 64 64 6C 65 00 00 00 03 00 00 00 01 69 00 00 00 04 6C 6F 76 65 00 00 00 0A 65 66 66 69 63 69 65 6E 63 79 3E AA AA AB 26 3D DB 51 B3 6F 60 DB 9A 00 00 01 62 EF BF BD EF BF BD 6A 5A 1B EF BF BD 0E EF BF BD 11 25 EF BF BD EF BF BD 43 EF BF BD 38 EF BF BD 53 EF BF BD EF BF BD 5A 6A 61 D6 A2 EF BF BD EF BF BD 71 EF BF BD 0C 64 EF BF BD 5F 65 78 20 1F EF BF BD 7C EF BF BD EF BF BD 04 EF BF BD CC BD EF BF BD EF BF BD EF BF BD 5E EF BF BD 00 EF BF BD 42 EF BF BD 73 CA B8 EF BF BD EF BF BD 55 15 EF BF BD 07 02 EF BF BD EF BF BD 0B EF BF BD EF BF BD D1 93 65 58 EF BF BD 1D EF BF BD 00 EF BF BD EF BF BD EF BF BD 6E 2A 32 EF BF BD EF BF BD 5C EF BF BD EF BF BD 54 EF BF BD 63 4C 4A 5F EF BF BD 13 EF BF BD DF 8D DF 9A EF BF BD 78 46 52 50 5A 50 0A 35 EF BF BD 75 EF BF BD EF BF BD E0 BF A2 D2 92 6D EF BF BD EF BF BD 2E EF BF BD EF BF BD 2D 0F 0C 4A EF BF BD 64 EF BF BD C9 BE 1F 62 1C EF BF BD 49 17 EF BF BD 2C 5D 55 CF BF EF BF BD EF BF BD 3B 7D EF BF BD EF BF BD EF BF BD EF BF BD EF BF BD 3E EF BF BD EF BF BD 17 EF BF BD 38 02 EF BF BD 41 C4 9C CE A5 EF BF BD 75 77 EF BF BD 44 D7 A1 25 5D 68 32 73 3B 79 EF BF BD 6E EF BF BD 69 1A EF BF BD 45 EF BF BD 40 EF BF BD CB 9A EF BF BD 15 21 08 38 58 EF BF BD EF BF BD 70 00 00 01 9D E9 B4 FC 6A 5A 1B F3 80 0E AD 11 25 E3 D3 43 FD 38 8C 53 DE E5 5A 6A 61 D6 A2 BD B0 71 BA 0C 64 F3 5F 65 78 20 1F F7 7C F5 86 04 81 CC BD C8 E7 F6 5E EE 00 8C 42 93 73 CA B8 85 A4 55 15 B1 07 02 C4 CD 0B EF DA D1 93 65 58 EF 80 1D DD 00 AA AF E8 6E 2A 32 83 93 5C A2 94 54 DD 63 4C 4A 5F A1 13 BC DF 8D DF 9A B0 78 46 52 50 5A 50 0A 35 FA 75 B3 8A E0 BF A2 D2 92 6D 91 E4 2E 8F 94 2D 0F 0C 4A C0 64 84 C9 BE 1F 62 1C A7 49 17 8E 2C 5D 55 CF BF 82 A8 3B 7D E6 CF F4 D4 D1 3E CD ED BD 17 C0 38 02 98 41 C4 9C CE A5 FD 75 77 D9 44 D7 A1 25 5D 68 32 73 3B 79 AB 6E C0 69 1A AE 45 D4 40 82 CB 9A A0 15 21 08 38 58 AE AE 70 0F 30 57 DD 22 BE C6 60 CE 0B 3E B2 4F 4E 96 7B F1 A5 AD F3 B8 DE 82 AC 20 40 CE 99 7F 8E 87 41 64 3F 42 5B 9F 4B 34 9D D8 30 BB 06 D0 F8 FF A2 71 5B 56 91 5F AB B3 B2 D9 85 2E 55 FD 7C D7 FB 94 C9 F1 7A 34 72 2E A0 FC 93 89 3A 4D 5A CB 14 35 C3 14 D2 A2 C7 4C 83 02 D5 BB 97 D7 C2 39 29 0D 9C 30 B2 0E 47 95 E9 61 56 D5 9C D9 EB 28 05 FA 8B DB F7 B8 58 0F 48 14 93 DD 11 DF E6 8B 7F 6C 38 C1 67 06 40 2C C9 D0 F5 E2 D8 F6 6F C7 D4 12 F0 D8 D0 9D 93 E3 94 8B B0 50 FD E4 C2 73 A5 5E 64 D7 9D 09 73 1C F7 DE 69 85 E4 95 05 5E 9D A5 9A E8 89 5C F7 50 08 76 DB A3 73 3B 3E D5 06 F7 9D 9B 6C 20 88 70 BC E6 23 A8 3E B6 88 25 00 00 00 03 65 6E 64 
Binary: ????????i????love???
efficiency>���?��?��=uw???�Z@@_�k.׊R?V�?�8?o�ڃ@���n�?�)C?�>͸�?�5��:���r���X�FK�I|^I�?��Q?�e+?2�TJ�v?����H1??��b;�eA?r�?�'bTb^?'g��?!���D�
p<�?��p`�����??L/m�ZM<'���<��[�r??|�����.���?=A�?u?�,?�&�=?̯<�8��f������T?���E�p��s���?o�4�݅�#N���k���??]?�1???�Z@@_�k.׊R?V�?�8?o�ڃ@���n�?�)C?�>͸�?�5��:���r���X�FK�I|^I�?��Q?�e+?2�TJ�v?����H1??��b;�eA?r�?�'bTb^?'g��?!���D�
p<�?��p`�����??L/m�ZM<'���<��[�r??|�����.���?=A�?u?�,?�&�=?̯<�8��f������T?���E�p��s���?o�4�݅�#N���k���??]?�11��?;Ҥ:���ƛ�E??׈�B+>�D?'��uh��{??2ڂ��c�O?;%��,��Ӝ��??����?A!TB?3�e�>��
�v���ϕ|ei?��]]>&#x7f;<![CDATA[��������>���j?�0�C?j���?����|i6�W,�??���v�@m��?+{�L����݋?kPq��B��ˡ�l?��ta??uPX�D???�a��	_ ?j�k���?2?�)DWO?m�W#�"ܪ��d�S�E!B�ԙ?�k>�N9�a��
Hex: 00 00 00 03 00 00 00 01 69 00 00 00 04 6C 6F 76 65 00 00 00 0A 65 66 66 69 63 69 65 6E 63 79 3E AA AA AB 10 A0 CE 3F E6 C6 3D 75 77 00 00 01 A4 5A 40 40 5F EF BF BD 6B 2E D7 8A 52 01 56 EF BF BD 1D EF BF BD 38 07 6F EF BF BD DA 83 40 EF BF BD EF BF BD EF BF BD 6E EF BF BD 10 EF BF BD 29 43 02 EF BF BD 3E CD B8 EF BF BD 16 EF BF BD 35 EF BF BD EF BF BD 3A EF BF BD EF BF BD EF BF BD 72 EF BF BD EF BF BD EF BF BD 58 EF BF BD 46 4B EF BF BD 49 7C 5E 49 EF BF BD 0B EF BF BD EF BF BD 51 1F EF BF BD 65 2B 01 32 EF BF BD 54 4A EF BF BD 76 06 EF BF BD EF BF BD EF BF BD EF BF BD 48 31 03 0E EF BF BD EF BF BD 62 3B EF BF BD 65 41 17 72 EF BF BD 08 EF BF BD 27 62 54 62 5E 07 27 67 EF BF BD EF BF BD 15 21 EF BF BD EF BF BD EF BF BD 44 EF BF BD 0A 70 3C EF BF BD 12 EF BF BD EF BF BD 70 60 EF BF BD EF BF BD EF BF BD EF BF BD EF BF BD 19 1F 4C 2F 6D EF BF BD 5A 4D 3C 27 EF BF BD EF BF BD EF BF BD 3C EF BF BD EF BF BD 5B EF BF BD 72 18 03 7C EF BF BD EF BF BD EF BF BD EF BF BD EF BF BD 2E EF BF BD EF BF BD EF BF BD 1C 3D 41 EF BF BD 18 75 05 EF BF BD 2C 13 EF BF BD 26 EF BF BD 3D 3F CC AF 3C EF BF BD 38 EF BF BD EF BF BD 66 EF BF BD EF BF BD EF BF BD EF BF BD EF BF BD EF BF BD 54 1E EF BF BD EF BF BD EF BF BD 45 EF BF BD 70 EF BF BD EF BF BD 73 EF BF BD EF BF BD EF BF BD 1E 6F EF BF BD 34 EF BF BD DD 85 EF BF BD 23 4E EF BF BD EF BF BD EF BF BD 6B EF BF BD EF BF BD EF BF BD 06 00 5D 06 EF BF BD 31 00 00 01 CB 5A 40 40 5F B6 6B 2E D7 8A 52 01 56 DD 1D FA 38 07 6F B6 DA 83 40 FD 82 C5 6E B9 10 C7 29 43 02 9F 3E CD B8 C9 16 E2 35 E0 8E 3A F6 E5 8E E6 72 E3 FE AA 58 F0 46 4B FD 49 7C 5E 49 DD 0B F2 C8 51 1F C3 65 2B 01 32 B1 54 4A B6 76 06 E7 CB FF 81 48 31 03 0E F5 E3 62 3B A8 65 41 17 72 F4 08 D1 27 62 54 62 5E 07 27 67 CF D2 15 21 95 AF AF 44 D1 0A 70 3C 8B 12 C1 ED 91 70 60 BE 94 C7 EF A7 DB 19 1F 4C 2F 6D B8 5A 4D 3C 27 8A 87 F9 3C F5 9A 5B 96 72 18 03 7C B3 C5 E1 CD D2 2E AF 9C FC 1C 3D 41 96 18 75 05 B7 2C 13 EB 8B 26 B1 3D 3F CC AF 3C B8 38 8E 92 66 D9 C3 F9 85 A0 B7 54 1E DD E9 F4 45 89 70 87 C6 73 D8 CE E0 1E 6F D0 34 E9 DD 85 AD 23 4E EF E4 98 C7 6B BE E1 E9 06 00 5D 06 B7 31 31 B8 C1 18 3B D2 A4 3A FC CD D8 C6 9B C7 45 01 0B D7 88 8D 42 2B 3E 98 44 1B 27 B7 FD 75 68 85 C7 7B 0E 00 32 DA 82 BC 93 63 8E 4F 0C 3B 25 FA C8 2C B4 C8 D3 9C D2 E0 07 03 89 FE A0 E7 05 41 21 54 42 15 33 C8 65 81 3E 8D B8 0A CA 76 82 F3 DE CF 95 7C 65 69 3F 9A B9 7F B0 B3 99 DF F9 B8 97 91 3E B2 E8 EA 6A 14 E4 98 30 97 43 12 6A D9 C3 FB 0E 97 98 8B AB 7C 69 36 FF 57 2C DF 1E 12 BF 80 CF 76 81 40 6D F6 D4 14 2B 7B CF 4C FA AD 82 F0 DD 8B 12 6B 50 71 AB F5 42 92 9F CB A1 CB 6C 1F E1 C5 74 61 18 1B 75 50 58 9D 44 05 01 04 A9 61 E9 CC 09 5F 20 17 6A 86 6B AE DC F6 16 32 0E FC 29 44 57 4F 0F 6D B6 57 23 CB 22 DC AA 8A 85 64 D8 53 E2 45 21 42 89 D4 99 17 A0 6B 3E EB 4E 39 E9 61 BF 99 
Binary: ????????????????i????love???
efficiency>��� $ƨ��?NH???�?��bwX�M�9_&n?�9�9�e�8x��HvC(?~����?q��1B�ꔆ�i��MPRO�n�i)��w��d���Ġ���?�n�Ґ삋�J��a^�
�?�c�|������uL^S_?�G%?�?�?�%=D��W�Fyp?�?��;ر���̓�����V?e(�5�K��0lZŧս�zb�?,?��^f?dr\ǹN���Mn8??�<7?m��?f�"U#6����.��2"z��?�P?D7hg��dIo��?�???�?��bwX�M�9_&n?�9�9�e�8x��HvC(?~����?q��1B�ꔆ�i��MPRO�n�i)��w��d���Ġ���?�n�Ґ삋�J��a^�
�?�c�|������uL^S_?�G%?�?�?�%=D��W�Fyp?�?��;ر���̓�����V?e(�5�K��0lZŧս�zb�?,?��^f?dr\ǹN���Mn8??�<7?m��?f�"U#6����.��2"z��?�P?D7hg��dIo��?��nj�l3�?�#�b]]>&#x7f;<![CDATA[S�6F4$�	���&�?�m�,c�����49X�h��t��\'?�B,��?�xr����i:Z����?]�x`H�ަ:��?�:w?�B??`Hg?�?.�V�@�Ȃ�.��f��%T�#���.KP?@A8�qxb�?��r��Нy�$-���L/�(�ta?�k4J���0�nE6CG�a����P�O��9�Óc��kMI��f�~h�z�??*w?��?���Y
����?�?�f��wf��????????i????love???
efficiency>���Z^�?�+q�????��C��l�?����dd��[��`Nu��A��x�Ճ���??��O��?)�?�g�yyh9�4?#��K�Nm�M?
�J��E#,�x�)*�??��5��?��=�??��+9�:�??[��`?��@L��8,��y��H�[�4����.?�?�]&�????��C��l�?����dd��[��`Nu��A��x�Ճ���??��O��?)�?�g�yyh9�4?#��K�Nm�M?
�J��E#,�x�)*�??��5��?��=�??��+9�:�??[��`?��@L��8,��y��H�[�4����.?�?�]&�N-�\hr?��NzuQ��?';��9�?yt?�?v???�g���?T���Ax��}�<?!m�y��p�sC���+?g�2q����?�f]lEv������@8��0#|���y_?'"/�[��iy?J31KN�=���{?�Dg8�?��P>?!$H�????????i????love???
efficiency>���?D##����R???�U�?�,Sc��>$0[ܹZzt��?�C�O͊��d?Gf4�z?�xwE??.�Q�?�/S��Mx#?�U��?��+��L3&
??4��?����#�??�?�]]>&#x7f;<![CDATA[���mR��~�\$L=�)?��z�#1�f�?�?��Fc�?ّë��z?7͎^���?o��vX&��z�AH����R�K�M	?;���n��?Uv%�U��?�?��?6���B�خJ]�!r��\Sj<P`��:�K0DS`??����#���l�
>��*�?%P,	5�MQ���U���F�??��?�[�w�尴G=��????U�?�,Sc��>$0[ܹZzt��?�C�O͊��d?Gf4�z?�xwE??.�Q�?�/S��Mx#?�U��?��+��L3&
??4��?����#�??�?�]]>&#x7f;<![CDATA[���mR��~�\$L=�)?��z�#1�f�?�?��Fc�?ّë��z?7͎^���?o��vX&��z�AH����R�K�M	?;���n��?Uv%�U��?�?��?6���B�خJ]�!r��\Sj<P`��:�K0DS`??����#���l�
>��*�?%P,	5�MQ���U���F�??��?�[�w�尴G=���j�E?w~[�`*͓�1n�=xB�Q�8;��sN7�[G�m��?&??d"�?���a	�*�jI��U�?#���-$�f�?f���_h	������&_C�!{�??V?��$��f?GUu2O޾��0����ߔ�wl�-�?���,�2?G�Y?t��1PkM�A�p����7��J>Ģ�&Г�??�����?�0�舛"���2�M?�����"�?���-~{�h2[�?��w�5^^z]]>&#x92;<![CDATA[\��e&����߭e�Pc�t]����]�#�� �O�t?�L�?b��X�8SL���
Hex: 00 00 00 03 00 00 00 02 00 00 00 03 00 00 00 01 69 00 00 00 04 6C 6F 76 65 00 00 00 0A 65 66 66 69 63 69 65 6E 63 79 3E AA AA AB 20 24 C6 A8 F4 A4 16 4E 48 00 00 01 A2 1E EF BF BD EF BF BD 62 77 58 EF BF BD 4D EF BF BD 39 5F 26 6E 0F EF BF BD 39 EF BF BD 39 EF BF BD 65 EF BF BD 38 78 EF BF BD EF BF BD 48 76 43 28 08 7E EF BF BD EF BF BD EF BF BD EF BF BD 17 71 EF BF BD EF BF BD 31 42 EF BF BD EA 94 86 EF BF BD 69 EF BF BD EF BF BD 4D 50 52 4F EF BF BD 6E EF BF BD 69 29 EF BF BD EF BF BD 77 EF BF BD EF BF BD 64 EF BF BD EF BF BD EF BF BD C4 A0 EF BF BD EF BF BD EF BF BD 13 EF BF BD 6E EF BF BD D2 90 EC 82 8B EF BF BD 4A EF BF BD EF BF BD 61 5E EF BF BD 0A EF BF BD 0B EF BF BD 63 EF BF BD 7C EF BF BD EF BF BD EF BF BD EF BF BD EF BF BD EF BF BD 75 4C 5E 53 5F 3F EF BF BD 47 25 15 EF BF BD 19 EF BF BD 01 EF BF BD 25 3D 44 EF BF BD EF BF BD 57 EF BF BD 46 79 70 17 EF BF BD 3F EF BF BD EF BF BD 3B D8 B1 EF BF BD EF BF BD EF BF BD CD 83 EF BF BD EF BF BD EF BF BD EF BF BD EF BF BD 56 3F 65 28 EF BF BD 35 EF BF BD 4B EF BF BD EF BF BD 30 6C 5A C5 A7 D5 BD EF BF BD 7A 62 EF BF BD 02 2C 1E EF BF BD EF BF BD 5E 66 1C 64 72 5C C7 B9 4E EF BF BD EF BF BD EF BF BD 4D 6E 38 04 03 EF BF BD 3C 37 18 6D EF BF BD EF BF BD 0C 66 EF BF BD 22 55 23 36 EF BF BD EF BF BD EF BF BD EF BF BD 2E EF BF BD EF BF BD 32 22 7A EF BF BD EF BF BD 08 EF BF BD 50 03 44 37 68 67 EF BF BD EF BF BD 64 49 6F EF BF BD EF BF BD 18 EF BF BD 00 00 01 CE 1E DA C3 62 77 58 99 4D E1 39 5F 26 6E 0F F0 39 C8 39 8B 65 FC 38 78 EF EA 48 76 43 28 08 7E F4 AD C5 FA 17 71 D5 F1 31 42 DE EA 94 86 AB 69 CB EF 4D 50 52 4F D2 6E AB 69 29 B2 80 77 A3 C6 64 87 DC CC C4 A0 BE 8A EC 13 86 6E E4 D2 90 EC 82 8B 92 4A E1 F8 61 5E 8C 0A E5 0B 88 63 8C 7C C1 B3 95 FC 9E A5 75 4C 5E 53 5F 3F C8 47 25 15 A9 19 D2 01 E2 25 3D 44 FE 8F 57 CA 46 79 70 17 8C 3F 94 BB 3B D8 B1 B0 F7 A4 CD 83 C1 AC FD F4 C9 56 3F 65 28 F6 35 82 4B 9C C8 30 6C 5A C5 A7 D5 BD A3 7A 62 C2 02 2C 1E CC FA 5E 66 1C 64 72 5C C7 B9 4E A1 FF C5 4D 6E 38 04 03 A4 3C 37 18 6D C1 C4 0C 66 A3 22 55 23 36 F7 CD FF 88 2E A2 9A 32 22 7A E5 CA 08 EA BF 50 03 44 37 68 67 BE F1 64 49 6F B5 ED 18 B4 F9 6E 6A D8 6C 33 E5 15 B2 23 BF 62 7F 53 86 36 46 34 24 F1 09 BD FA D4 26 C4 01 C9 6D C6 2C 63 A6 A9 D3 F6 AB 34 39 58 98 68 B1 B8 74 8A CD 5C 27 18 F3 BB 42 2C F8 B8 1D 82 78 72 97 8B A7 EB 69 3A 5A D0 E5 F7 CA 11 5D 96 78 60 48 D4 DE A6 3A 95 82 04 C8 3A 77 04 EE 42 3F 19 60 48 67 08 BE 1E 2E B2 56 BC 40 90 C8 82 87 2E 96 8B 66 C8 C4 25 54 96 23 81 9E E0 BB 2E 4B 50 14 40 41 38 91 71 78 62 FE 17 AD A9 72 C8 E8 D0 9D 79 C7 24 2D AA D0 E9 4C 2F F2 28 BE 74 61 1F D3 6B 34 4A 9C F7 DB 30 90 6E 45 36 43 47 F3 98 8E 61 F5 DB E0 E7 50 EC 4F 85 F2 39 CF C3 93 63 F6 F3 6B 4D 49 94 85 66 B7 7E 68 9A 7A A2 0E 17 2A 77 1F A8 A7 05 B6 90 C4 59 0A 85 D4 D2 CC 12 F3 B6 11 8F 66 D4 CC 77 66 D7 F4 00 00 00 03 00 00 00 01 69 00 00 00 04 6C 6F 76 65 00 00 00 0A 65 66 66 69 63 69 65 6E 63 79 3E AA AA AB 5A 5E E9 1D E1 AC 2B 71 C1 00 00 01 13 EF BF BD EF BF BD 43 EF BF BD EF BF BD 6C EF BF BD 04 EF BF BD EF BF BD EF BF BD EF BF BD 64 64 EF BF BD EF BF BD 5B EF BF BD EF BF BD 60 4E 75 EF BF BD EF BF BD 41 EF BF BD EF BF BD 78 EF BF BD D5 83 EF BF BD EF BF BD EF BF BD 11 17 EF BF BD EF BF BD 4F EF BF BD EF BF BD 1B 29 EF BF BD 1A EF BF BD 67 EF BF BD 79 79 68 39 EF BF BD 34 01 23 EF BF BD EF BF BD 4B EF BF BD 4E 6D EF BF BD 4D 1A 0A EF BF BD 4A EF BF BD EF BF BD 45 23 2C EF BF BD 78 EF BF BD 29 2A EF BF BD 1A 19 EF BF BD EF BF BD 35 EF BF BD EF BF BD 16 EF BF BD EF BF BD 3D EF BF BD 13 14 EF BF BD EF BF BD 2B 39 EF BF BD 3A EF BF BD 02 16 5B EF BF BD EF BF BD 60 19 EF BF BD EF BF BD 40 4C EF BF BD EF BF BD 38 2C EF BF BD EF BF BD 79 EF BF BD EF BF BD 48 EF BF BD 5B EF BF BD 34 EF BF BD EF BF BD EF BF BD EF BF BD 2E 04 EF BF BD 00 EF BF BD 5D 26 EF BF BD 00 00 01 18 94 CD 43 F2 DA 6C B4 04 C7 F0 8F CB 64 64 99 91 5B EF F5 60 4E 75 E7 D7 41 FD E2 A5 78 E0 D5 83 B5 87 E4 11 17 F6 A0 4F ED E7 1B 29 97 1A 9B 67 C3 79 79 68 39 AC 34 01 23 97 87 4B 91 4E 6D D7 4D 1A 0A BB 4A C9 DA 45 23 2C ED 78 E2 29 2A D6 1A 19 93 D6 35 C4 C3 16 8D FE 3D 81 13 14 D1 F2 81 2B 39 A0 3A F2 91 02 16 5B 85 E4 60 19 DD E8 40 4C 91 AB 38 2C E5 C2 79 F9 88 48 9A 5B 80 34 8B A4 8C 89 2E 04 A5 00 AA 5D 26 86 4E 2D AB 5C 68 72 11 ED FF 4E 7A 75 51 98 88 14 27 3B C7 E6 39 80 0B 79 74 06 B1 08 76 1A 15 1A 90 67 B1 93 9A 01 54 E5 87 C7 C7 41 78 90 A5 7D 9D 3C 03 21 6D E9 79 FD DE 70 82 73 43 F8 8F 91 2B 18 67 EF 32 0D 71 FB 95 A5 A9 1B C1 66 5D 6C 45 76 C0 9C 9B A9 BF A9 40 38 F9 E5 90 30 23 7C C9 FD A3 79 5F 1C 27 22 2F C2 5B 98 F6 69 79 10 4A 33 31 4B 4E E7 3D 90 F3 EA B1 7B 11 F2 44 67 38 F6 19 AF A5 50 3E 18 21 24 48 EB 00 00 00 03 00 00 00 01 69 00 00 00 04 6C 6F 76 65 00 00 00 0A 65 66 66 69 63 69 65 6E 63 79 3E AA AA AB 1F 44 23 23 C0 E9 D2 E1 52 00 00 01 EB 55 EF BF BD 05 EF BF BD 2C 53 63 EF BF BD EF BF BD 3E 24 30 5B DC B9 5A 7A 74 EF BF BD EF BF BD 07 EF BF BD 43 EF BF BD 4F CD 8A EF BF BD EF BF BD 64 10 47 66 34 EF BF BD 7A 14 EF BF BD 78 77 45 0E 17 2E EF BF BD 51 EF BF BD 0C EF BF BD 2F 53 EF BF BD EF BF BD 4D 78 23 1A EF BF BD 55 EF BF BD EF BF BD 10 EF BF BD EF BF BD 2B EF BF BD EF BF BD 4C 33 26 0A 17 08 34 EF BF BD EF BF BD 0E EF BF BD EF BF BD EF BF BD EF BF BD 23 EF BF BD 02 08 EF BF BD 0F EF BF BD 7F EF BF BD EF BF BD EF BF BD 6D 52 EF BF BD EF BF BD 7E EF BF BD 5C 24 4C 3D EF BF BD 29 06 EF BF BD EF BF BD 7A EF BF BD 23 31 EF BF BD 66 EF BF BD 1B EF BF BD 04 EF BF BD EF BF BD 46 63 EF BF BD 05 D9 91 C3 AB EF BF BD EF BF BD 7A 13 37 CD 8E 5E EF BF BD EF BF BD EF BF BD 1D 6F EF BF BD EF BF BD 76 58 26 EF BF BD EF BF BD 7A EF BF BD 41 48 EF BF BD EF BF BD EF BF BD EF BF BD 52 EF BF BD 4B EF BF BD 4D 09 0C 3B EF BF BD EF BF BD EF BF BD 6E EF BF BD EF BF BD 17 55 76 25 EF BF BD 55 EF BF BD EF BF BD 11 EF BF BD 1F EF BF BD EF BF BD 1C 36 EF BF BD EF BF BD EF BF BD 42 EF BF BD D8 AE 4A 5D EF BF BD 21 72 EF BF BD EF BF BD 5C 53 6A 3C 50 60 EF BF BD EF BF BD 3A EF BF BD 4B 0D 30 44 53 60 05 3F EF BF BD EF BF BD EF BF BD EF BF BD 23 EF BF BD EF BF BD EF BF BD 6C EF BF BD 0A 3E EF BF BD EF BF BD 2A EF BF BD 07 25 50 2C 09 35 EF BF BD 4D 51 EF BF BD EF BF BD EF BF BD 55 EF BF BD EF BF BD EF BF BD 46 EF BF BD 18 03 EF BF BD EF BF BD 1D EF BF BD 5B EF BF BD 77 EF BF BD E5 B0 B4 47 3D EF BF BD EF BF BD 00 00 02 1E 55 DD 05 EE 2C 53 63 A7 EB 3E 24 30 5B DC B9 5A 7A 74 8D B3 07 B3 43 EA 93 4F CD 8A CB ED 64 10 47 66 34 A5 7A 14 CE 78 77 45 0E 17 2E C9 51 B6 0C 83 2F 53 BA B6 4D 78 23 1A AD 55 8E E7 10 9E AE 2B C7 C9 4C 33 26 0A 17 08 34 B5 9C 0E EF DA EF DA 23 F5 02 08 ED 0F A9 7F B2 C7 C3 6D 52 FB F2 7E 83 5C 24 4C 3D CD 29 06 9E 82 7A F8 23 31 FE 66 AC 1B EC 04 F5 87 46 63 BF 05 D9 91 C3 AB 81 C9 7A 13 37 CD 8E 5E AF C0 FA 1D 6F DD DA 76 58 26 B2 8C 7A C4 41 48 FD 9F 87 E4 52 C9 4B F2 4D 09 0C 3B F2 F8 BC 6E CF CA 17 55 76 25 B5 55 E0 F0 11 B6 1F C1 F2 1C 36 A1 BA BB 42 DC D8 AE 4A 5D E8 21 72 B8 BB 5C 53 6A 3C 50 60 A0 D4 3A BE 4B 0D 30 44 53 60 05 3F 8B 97 FE D4 23 D7 C7 F1 A1 6C A7 0A 3E 93 9A 2A C8 07 25 50 2C 09 35 DC 4D 51 D8 C7 FB 55 8D C6 F3 AD 46 C5 18 03 FA C0 1D E2 5B C1 77 E4 89 E5 B0 B4 47 3D AC 9C 83 6A 94 45 1C 77 7E 5B C6 60 2A CD 93 E7 31 6E E2 B8 3D 78 42 D1 51 99 38 3B E5 E4 8B 73 4E 37 CD 5B 47 95 6D 99 CC 16 26 06 11 64 22 A0 12 D1 F7 DE 61 09 AD 2A C9 6A 49 85 FA 55 A8 12 23 96 AB E6 2D 24 88 66 BF 10 66 93 84 D3 5F 68 09 85 F1 BA B9 FC D9 EC CD 26 5F 43 CB 21 7B 8E 02 0E 56 05 D3 E1 24 8A A2 66 00 47 55 75 32 4F DE BE CB DB 30 D7 F4 F1 F5 DF 94 95 77 6C 9E 2D C4 14 BA F9 B9 2C F1 A7 8E 32 0C 47 CF 59 01 74 F1 E4 31 50 6B 4D DA 41 FF 70 E8 C2 F5 A1 37 8C C4 4A 3E C4 A2 B7 26 D0 93 B4 0B 1A D3 FD A5 8F A9 1A 99 30 D2 E8 88 9B 22 FE FF B5 32 A5 4D 1B BC BE C1 AD DE 22 EC 0E B4 86 B5 2D 7E 7B B8 68 32 5B BE 14 B0 91 77 F3 35 5E 5E 7A C2 92 5C 9C E5 65 26 C0 B4 BB BA DF AD 65 E1 50 63 F7 74 5D 8B BD 8C 98 5D 90 23 EE 9E 95 ED C6 20 F9 4F A8 74 02 DB 4C D6 13 62 B2 96 58 88 38 53 4C CF E0 E5 
Binary: ???????????????????????	beginning????????i????love???
efficiency>���?
�`�?�}�???�����c ���?�Qw�/?�%����GPw���?S3��ɍ?(���I�i�R�}��8�N���`p����8�7/� �|�@?	?6��(�	?H$?wϣ�?�.<??a��?��?����??�b��=�#']??�"/�f�<��}�<O?"k�\�jа?��N��n���O�?;?{!��m�r3���w{� З?6�Ή(�iw~������sw�?��]]>&#x7f;<![CDATA[?��|9?�W���T�?��f��Z�6?�@G?�'W�@?'g�?�p���?A��0RD)K�k�N[�ͧ�u���8��6�����j��g�ą�x^z�C.T��Ue�?p/t]<W���?4��I?�?�nP?��?��~h�I�!zF�oo���?�U??��???�����c ���?�Qw�/?�%����GPw���?S3��ɍ?(���I�i�R�}��8�N���`p����8�7/� �|�@?	?6��(�	?H$?wϣ�?�.<??a��?��?����??�b��=�#']??�"/�f�<��}�<O?"k�\�jа?��N��n���O�?;?{!��m�r3���w{� З?6�Ή(�iw~������sw�?��]]>&#x7f;<![CDATA[?��|9?�W���T�?��f��Z�6?�@G?�'W�@?'g�?�p���?A��0RD)K�k�N[�ͧ�u���8��6�����j��g�ą�x^z�C.T��Ue�?p/t]<W���?4��I?�?�nP?��?��~h�I�!zF�oo���?�U??�����?��ֹ̼K�?�P]]>&#x7f;<![CDATA[=�j���L?!��.�?�_?I���=ÿ�]]>&#x7f;<![CDATA[o?޾�6�?��3�U͏?�G9��?�?q��B]nB��\:�>?I%]]>&#x7f;<![CDATA[t�޳�(��8ޣ��:D�)�����?��P>���>Y?�z�6i5X?��C��J�N-S?��+x�LT?������H׈?�pg?>OK����c ���<�M��K����+����bF�:�)�k�'�H�m��ZR�?��3ݠ�X�3ą?��?��t���%	���P���8m?���z����?�i�Xv�,�??�7]]>&#x7f;<![CDATA[?�²�#$��ϕ٪B?d?`o8�:h?9J%�!��r9�F�?��,�?����p=??�M������>''�0��?�?���?��?�R�?��????middle????????i????love???
efficiency>���?�??��®�???}�8�Է�7�???��?n�?J����w??���`q?D�6?{?3�Bu�?�Fx4�����:TE��`r3\a+�X�~�Wc��Q?�˲���?J??�O�һ6zۈ��9����N���_9�m�??�W�]��??�<�?ʞeG�c6����׋x��y$?����N�ۿ���?^�]]>&#x7f;<![CDATA[����]�#�s�>#?W��zΊuJW��j��[���?"�����'F]�???��8�Է�7�???��?n�?J����w??���`q?D�6?{?3�Bu�?�Fx4�����:TE��`r3\a+�X�~�Wc��Q?�˲���?J??�O�һ6zۈ��9����N���_9�m�??�W�]��??�<�?ʞeG�c6����׋x��y$?����N�ۿ���?^�]]>&#x7f;<![CDATA[����]�#�s�>#?W��zΊuJW��j��[���?"�����'F]�:P~����|i?�H�?J??�%4�؈���$�u�C?��?���Z?0?�8\�I��??��J?�0�^�[�t��f=���?�5mP���;�=?]�^Ʃ����>?���8D�?�_ɪ�)��?ᬓ��N��a4��?勵���?R�,r�?Kq???���?[�sb�	9�f?kaf<>���g}�?��]]>&#x7f;<![CDATA[�Չ'?=6�!H4�?Fnf<�����*4?�?�"�?X�????end???	beginning????????i????love???
efficiency>���2����?�> ???��?�G�*��)�R�W?���)�a��?X�o+X��2*�_$��!�)��|�?N�?,�j}��	?
}�O^��1�[�;6?A���M??AY7��ǏK��$���AQǌ|�`?���ъh�?잶zQ�?@z�J?&0��#Ս.V?��8�k��n??�=�?.1??6ɨ?���?+b���#pi�?Vj>9e
d�ɰd��9�ٽ
�y�'���'g�?�8v��П*+�?�@K����?���v�t?m)0+?ҽՀ��5|T?�TdY?!?l�1ʖk��T.�Bu��G�Xy,�?�ÖN��?H	&lU���o*'���Q�???J�?�G�*��)�R�W?���)�a��?X�o+X��2*�_$��!�)��|�?N�?,�j}��	?
}�O^��1�[�;6?A���M??AY7��ǏK��$���AQǌ|�`?���ъh�?잶zQ�?@z�J?&0��#Ս.V?��8�k��n??�=�?.1??6ɨ?���?+b���#pi�?Vj>9e
d�ɰd��9�ٽ
�y�'���'g�?�8v��П*+�?�@K����?���v�t?m)0+?ҽՀ��5|T?�TdY?!?l�1ʖk��T.�Bu��G�Xy,�?�ÖN��?H	&lU���o*'���Q��b�J??�$y�]]>&#x7f;<![CDATA[�
g�?��t�?D}]]>&#x7f;<![CDATA[��I����J��9�?��??�\=1�]��ʝk{2?K�?�i��jٳ�؅��8}�1?Q{�n��mJE?C.L�?@_�4��l(p?ތ8a:�?kJ����=W�4���}[��B[f�,h$??CY}Q?	��BhU��ij�V��$?�b?�Qrۣ???�nʟ?��Eá��??x��A@%�f�9�UJ?�ڼ�h�&�oH��LH���?`2�?+C���?�?z�?��"�7��^��p*�?׃*��o�K�0�8J)#u��?����?�?##�>#�?Z�FY9��,�&?.=????middle????????i????love???
efficiency>���9��?�?���???Tb?�|ّ'B����]��};��?��}Aa|�?D�bu?8��s"֞�?��eΝx??�軣��� �h(OY|b��W.
Ϟ���@� tX?��J��?!�`Bi���?[���R�??�]�p)�ҩ^Y�]]>&#x7f;<![CDATA[㗆��<n�XE��?_Ҷ�D�?�u&zP�x~���5??qJ?5F�8��aC�?��ZoaP�g�x�z�tki�z`ڒ�V�p�v�kKMF???�b?�|ّ'B����]��};��?��}Aa|�?D�bu?8��s"֞�?��eΝx??�軣��� �h(OY|b��W.
Ϟ���@� tX?��J��?!�`Bi���?[���R�??�]�p)�ҩ^Y�]]>&#x7f;<![CDATA[㗆��<n�XE��?_Ҷ�D�?�u&zP�x~���5??qJ?5F�8��aC�?��ZoaP�g�x�z�tki�z`ڒ�V�p�v�kKMF�8��/51D;vt�@?��u[)����?7�� �S?3�?���p��:vt�?��[W|T�?��zT_2��M^]]>&#x7f;<![CDATA[�???�?�;�һ��?�J�?�6�v�?�ᖜ��C^P�A�)���� ?�E�<P{��������?}�?�5�2��� T?���u���{�+??�?a�~�m� ����?�i��n?J\��;9��J� Rzj�Z�??�a'<?????end???	beginning????????i????love???
efficiency>���?]���?[��???��J]�?�R.����]]>&#x7f;<![CDATA[`�`�H?&�?�	;�?l�?ݾx.�?��?{T�b�(cv�\�{<s?���U�vx�1�{~�햚�?Q�5?p����??�`O�y�*����???��J]�?�R.����]]>&#x7f;<![CDATA[`�`�H?&�?�	;�?l�?ݾx.�?��?{T�b�(cv�\�{<s?���U�vx�1�{~�햚�?Q�5?p����??�`O�y�*������?61�?	&?�F���?��v��0���v?��V?�-bE=ȱQ���}�?�dW^?p�s%??�ú�Л�*�}�?^�kݸ�$�kL��?#���3?��\1�Q:۞????middle????????i????love???
efficiency>���x1Ć����????�w�`�+�kCE:���?p%-�?.EaV鳥�#����9?��Q��?VAINQV��??��?��??��N$G?7<Zj��0g?��,�?�#й��?Qs���4%+?k/
��?�"0yθqsz	r?xД2�}��0�hT�'u !�K�D��a?@"�����"q�]o��?��2o�-�6?��???O�w�`�+�kCE:���?p%-�?.EaV鳥�#����9?��Q��?VAINQV��??��?��??��N$G?7<Zj��0g?��,�?�#й��?Qs���4%+?k/
��?�"0yθqsz	r?xД2�}��0�hT�'u !�K�D��a?@"�����"q�]o��?��2o�-�6?��b?�?}�^g�I?'`;,�ާ���ޣ?�끒D�_??�?�	�YM�
?��V��"??U�1?o�?5)�J??i?Nڀ�?��j�&�?�FeK`0�@0>�
?�?�?��?�`� ��.�?aҗ?�����t��#�2R� �2����e��?�3??|¼�� {�~��KM?Br�aU��L���1????end?????????????????????�??@???@@???????�??@???@@???????�??????@???????@????????????�??????@???????@???????????????????????????????????????????????????????????????????????????????????????????????????hi????bye????apple
Hex: 00 00 00 03 00 00 00 01 00 00 00 02 00 00 00 03 00 00 00 03 00 00 00 09 62 65 67 69 6E 6E 69 6E 67 00 00 00 03 00 00 00 01 69 00 00 00 04 6C 6F 76 65 00 00 00 0A 65 66 66 69 63 69 65 6E 63 79 3E AA AA AB 14 0A B1 60 B4 1B 99 7D EC 00 00 02 86 EF BF BD EF BF BD EF BF BD EF BF BD 63 20 EF BF BD EF BF BD EF BF BD 1B EF BF BD 51 77 EF BF BD 2F 14 EF BF BD 25 EF BF BD EF BF BD EF BF BD EF BF BD 47 50 77 EF BF BD EF BF BD EF BF BD 01 53 33 EF BF BD EF BF BD C9 8D 00 28 EF BF BD EF BF BD EF BF BD 49 EF BF BD 69 EF BF BD 52 EF BF BD 7D EF BF BD EF BF BD 38 EF BF BD 4E EF BF BD EF BF BD EF BF BD 60 70 EF BF BD EF BF BD EF BF BD EF BF BD 38 EF BF BD 37 2F EF BF BD 20 EF BF BD 7C EF BF BD 40 08 09 15 36 EF BF BD EF BF BD 28 EF BF BD 09 07 48 24 19 77 CF A3 EF BF BD 12 EF BF BD 2E 3C 03 08 61 EF BF BD EF BF BD 03 EF BF BD EF BF BD 1E EF BF BD EF BF BD EF BF BD EF BF BD 14 05 EF BF BD 62 EF BF BD EF BF BD 3D EF BF BD 23 27 5D 1D 0E EF BF BD 22 2F EF BF BD 66 EF BF BD 3C EF BF BD EF BF BD 7D EF BF BD 3C 4F 10 22 6B EF BF BD 5C EF BF BD 6A D0 B0 0E EF BF BD EF BF BD 4E EF BF BD EF BF BD 6E EF BF BD EF BF BD EF BF BD 4F EF BF BD 0E 3B 12 7B 21 EF BF BD EF BF BD 6D EF BF BD 72 33 EF BF BD EF BF BD EF BF BD 77 7B EF BF BD 20 D0 97 03 36 EF BF BD CE 89 28 EF BF BD 69 77 7E EF BF BD EF BF BD EF BF BD EF BF BD EF BF BD EF BF BD 73 77 EF BF BD 15 EF BF BD EF BF BD 7F 11 EF BF BD EF BF BD 7C 39 0B EF BF BD 57 EF BF BD EF BF BD EF BF BD 54 EF BF BD 11 EF BF BD EF BF BD 66 EF BF BD EF BF BD 5A EF BF BD 36 18 EF BF BD 40 47 1D EF BF BD 27 57 EF BF BD 40 06 27 67 EF BF BD 3F EF BF BD 70 EF BF BD EF BF BD EF BF BD 04 41 EF BF BD EF BF BD 30 52 44 29 0D 4B EF BF BD 6B EF BF BD 4E 5B EF BF BD CD A7 EF BF BD 75 EF BF BD EF BF BD EF BF BD 38 EF BF BD EF BF BD 36 EF BF BD EF BF BD EF BF BD EF BF BD EF BF BD 6A 0D EF BF BD EF BF BD 67 EF BF BD C4 85 EF BF BD 78 5E 7A EF BF BD 43 2E 54 EF BF BD EF BF BD 55 65 EF BF BD 16 70 2F 74 5D 3C 57 EF BF BD EF BF BD EF BF BD 00 34 EF BF BD EF BF BD 49 19 EF BF BD 1D EF BF BD 6E 50 15 EF BF BD EF BF BD 0E EF BF BD EF BF BD 7E 68 EF BF BD 49 EF BF BD 21 7A 46 EF BF BD 6F 6F EF BF BD EF BF BD EF BF BD 11 EF BF BD 55 03 0C EF BF BD EF BF BD 00 00 02 B6 E1 A0 ED F6 9F 63 20 80 91 E6 1B F4 51 77 F1 BD 2F 14 EB 25 89 CE C1 D7 47 50 77 F7 AF EC 01 53 33 BE 96 C9 8D 00 28 E5 FB D7 49 F5 69 C5 52 97 7D F2 EE B6 38 FB 4E A6 83 F3 88 60 70 A8 D3 EC B4 ED 38 A1 37 2F F7 20 85 7C F2 40 08 09 15 36 96 EA 28 88 09 07 48 24 19 77 CF A3 9A 12 DE 2E 3C 03 08 61 F4 E8 03 F9 AC 1E CA C0 C9 FD 14 05 A2 62 80 B4 3D E4 A5 23 27 5D 1D 0E C2 22 2F A3 66 8A 3C BE 92 7D 90 3C 4F 10 22 6B D8 5C DF 6A D0 B0 0E BB CB 4E F8 B8 6E C1 A0 C9 4F 93 0E 3B 12 7B 21 BA D1 6D AC 72 33 B3 94 8B 77 7B 93 20 D0 97 03 36 DE CE 89 28 D6 69 77 7E FC E7 DB EA E1 FD 73 77 E6 15 86 E4 7F 11 FA B4 7C 39 0B 8E 57 D3 EC D5 54 8B 11 B2 E8 66 84 DE 5A C4 36 18 BC 40 47 1D F9 27 57 CF 40 06 27 67 D1 3F A2 70 9F B4 B2 04 41 EC DC 30 52 44 29 0D 4B 92 6B DB 4E 5B DE CD A7 F6 75 E8 E6 F5 38 81 F3 8E 36 A3 E4 CE DB EB 6A 0D 9B 99 67 C9 C4 85 89 78 5E 7A 85 43 2E 54 80 8F 55 65 C5 16 70 2F 74 5D 3C 57 E8 B3 E9 B9 CB 00 34 9A 9C 49 19 DE 1D A1 6E 50 15 D2 F9 0E 8A A5 7E 68 95 49 DA 21 7A 46 FF 6F 6F C0 E0 EA 11 E1 55 03 0C 85 FC 83 E8 CF 0B 8C F5 D6 B9 CC BC 4B CB 0B F3 81 50 7F 3D C8 6A FA C4 F8 4C 08 21 B4 A1 2E F5 18 F3 5F 1D 49 F8 C7 DF 3D C3 BF 84 7F 6F 3F DE BE 88 36 8C 12 F4 EC 33 F5 55 CD 8F 1D A2 47 39 80 99 18 C5 07 71 8B D4 42 5D 6E 42 83 98 5C 3A 93 3E 05 49 25 7F 74 8C DE B3 DB 28 E1 F5 38 DE A3 FC 8C 3A 44 B6 29 97 B6 B9 86 CB 08 AD 99 50 3E B4 CB E8 3E 59 14 A7 7A 97 36 69 35 58 02 8F FB 43 FE AC 4A AE 4E 2D 53 01 CB E6 2B 78 85 4C 54 0E 89 F4 9A A2 C8 DA 48 D7 88 05 E6 70 67 18 3E 4F 4B 9F A1 9C C3 63 20 E6 DD D2 3C C9 4D BE F6 4B AB 8B 80 C1 2B 84 AE F3 D3 62 46 96 3A ED A1 29 93 6B 80 27 9C 48 E8 6D 94 BF 5A 52 DD 1A 9D DD 33 DD A0 B8 58 86 33 C4 85 1C F4 EA 01 A4 AD 74 8D BB 95 25 09 AE BB E6 95 50 DE CF CB 38 6D 1C 90 B0 C5 7A E5 C5 CE DF 1A 81 69 81 58 76 98 2C EA 0E 1E EE 83 AD 86 37 7F 1F 94 C2 B2 D4 23 24 EB DF CF 95 D9 AA 42 12 64 14 60 6F 38 C2 3A 68 14 39 4A 25 E2 21 B5 FE 72 39 C7 46 B8 0F 8D D1 2C D6 05 CF F6 A1 89 70 3D 0B 03 FB 4D 8B 8E F6 C5 E4 F5 3E 27 27 E7 30 FC 9E 1B D2 08 EC 8C E7 CF 18 B2 8A 02 9D 52 DE 05 D1 F1 00 00 00 06 6D 69 64 64 6C 65 00 00 00 03 00 00 00 01 69 00 00 00 04 6C 6F 76 65 00 00 00 0A 65 66 66 69 63 69 65 6E 63 79 3E AA AA AB 14 EE 12 19 8E AA C2 AE F5 00 00 01 7D EF BF BD 38 EF BF BD D4 B7 EF BF BD 37 EF BF BD 11 19 00 EF BF BD EF BF BD 16 6E EF BF BD 12 4A EF BF BD EF BF BD EF BF BD EF BF BD 77 07 14 EF BF BD EF BF BD EF BF BD 60 71 0F 44 EF BF BD 36 13 7B 13 33 EF BF BD 42 75 EF BF BD 07 EF BF BD 46 78 34 EF BF BD EF BF BD EF BF BD EF BF BD EF BF BD 3A 54 45 EF BF BD EF BF BD 60 72 33 5C 61 2B EF BF BD 58 EF BF BD 7E EF BF BD 57 63 EF BF BD EF BF BD 51 19 EF BF BD CB B2 EF BF BD EF BF BD EF BF BD 1A 4A 1A 15 EF BF BD 4F EF BF BD D2 BB 36 7A DB 88 EF BF BD EF BF BD 39 EF BF BD EF BF BD EF BF BD EF BF BD 4E EF BF BD EF BF BD EF BF BD 5F 39 EF BF BD 6D EF BF BD 18 13 EF BF BD 57 EF BF BD 5D EF BF BD EF BF BD 0B 01 EF BF BD 3C EF BF BD 18 CA 9E 65 47 EF BF BD 63 36 EF BF BD EF BF BD EF BF BD EF BF BD D7 8B 78 EF BF BD EF BF BD 79 24 1E EF BF BD EF BF BD EF BF BD EF BF BD 4E EF BF BD DB BF EF BF BD EF BF BD EF BF BD 00 5E EF BF BD 7F EF BF BD EF BF BD EF BF BD EF BF BD 5D EF BF BD 23 EF BF BD 73 EF BF BD 3E 23 17 57 EF BF BD EF BF BD 7A CE 8A 75 4A 57 EF BF BD EF BF BD 6A EF BF BD EF BF BD 5B EF BF BD EF BF BD EF BF BD 18 22 EF BF BD EF BF BD EF BF BD EF BF BD EF BF BD 27 46 5D EF BF BD 00 00 01 9C C2 38 E2 87 D4 B7 9C 37 BA 11 19 00 93 8D 16 6E 84 12 4A 97 CB CD EF BE 77 07 14 9B BE 86 60 71 0F 44 E6 36 13 7B 13 33 E5 92 42 75 FA 07 89 46 78 34 94 AD FC B9 A0 3A 54 45 9E A1 60 72 33 5C 61 2B ED B0 58 D5 7E EB 57 63 AD E3 51 19 9F CB B2 82 B8 F8 1A 4A 1A 15 97 4F CA D2 BB 36 7A DB 88 BF E2 A0 39 9F F5 8F E3 4E F6 9A 99 5F 39 90 6D C6 18 13 D9 57 95 5D 8A F9 0B 01 C0 3C D3 18 CA 9E 65 47 AD 63 36 B0 EC ED 96 E8 D7 8B 78 8E 99 79 24 1E 96 B1 D0 EE 4E 98 DB BF A6 AC DC 00 5E EF 7F FC 90 C8 DD 5D EE 23 F3 73 94 3E 23 17 57 A9 D2 7A CE 8A 75 4A 57 E9 8C C0 6A 92 CB 5B F1 E9 CC 18 22 87 D1 D9 F6 ED 27 46 5D F4 3A 50 7E A8 85 81 A2 7C 69 05 EC 48 AC 13 4A 12 13 9F 25 34 D5 D8 88 F4 E1 C9 24 81 75 96 43 02 92 B3 19 92 C2 EE 5A 16 30 3F A8 38 5C DB 49 AD 0D E4 0E 0B AC 9C 4A 1A E4 B0 30 B9 5E F5 5B A2 74 86 E7 9B 66 3D DE FD BD 00 FC 35 6D 50 AF 95 DA 3B B3 3D 17 5D D3 5E C6 A9 E3 D6 D7 D9 3E 10 B7 93 DA 38 44 D2 3F A0 5F C9 AA E0 29 B9 86 13 E1 AC 93 F7 CB 4E F5 BD 61 34 99 8E 1E E5 8B B5 BA 89 98 0B 52 B0 2C 72 95 02 4B 71 11 16 1E F9 AB 82 1D 5B 8A 73 62 91 09 39 C6 66 15 6B 61 66 3C 3E FD A8 D5 67 7D C0 07 8E CB 7F FA D5 89 27 0F 3D 36 EC 21 48 34 E9 1B 46 6E 66 3C EE E5 AD FD C1 97 2A 34 16 AC 10 F4 22 E8 19 58 D8 00 00 00 03 65 6E 64 00 00 00 09 62 65 67 69 6E 6E 69 6E 67 00 00 00 03 00 00 00 01 69 00 00 00 04 6C 6F 76 65 00 00 00 0A 65 66 66 69 63 69 65 6E 63 79 3E AA AA AB 32 96 9B B5 FD 18 DF 3E 20 00 00 01 FD EF BF BD 13 EF BF BD 47 EF BF BD 2A EF BF BD EF BF BD 29 EF BF BD 52 EF BF BD 57 11 EF BF BD EF BF BD EF BF BD 29 EF BF BD 61 EF BF BD EF BF BD 12 58 EF BF BD 6F 2B 58 EF BF BD EF BF BD 32 2A EF BF BD 5F 24 EF BF BD EF BF BD 21 EF BF BD 29 EF BF BD EF BF BD 7C EF BF BD 1A 4E EF BF BD 1D 2C EF BF BD 6A 7D EF BF BD EF BF BD 09 18 0A 7D EF BF BD 4F 5E EF BF BD 0D EF BF BD 31 EF BF BD 5B EF BF BD 3B 36 14 41 EF BF BD EF BF BD EF BF BD 4D 3F 07 41 59 37 EF BF BD EF BF BD C7 8F 4B EF BF BD EF BF BD 24 EF BF BD EF BF BD EF BF BD 41 51 C7 8C 7C EF BF BD 60 3F EF BF BD EF BF BD EF BF BD D1 8A 68 EF BF BD 08 EC 9E B6 7A 51 EF BF BD 10 40 7A EF BF BD 4A 12 26 30 EF BF BD EF BF BD 23 D5 8D 2E 56 19 EF BF BD EF BF BD 38 EF BF BD 6B EF BF BD EF BF BD 6E 1F 19 EF BF BD 3D EF BF BD 16 2E 31 14 06 36 C9 A8 16 EF BF BD EF BF BD EF BF BD 1C 2B 62 EF BF BD EF BF BD EF BF BD 23 70 69 EF BF BD 18 56 6A 3E 39 65 0A 64 EF BF BD C9 B0 64 EF BF BD EF BF BD 39 EF BF BD D9 BD 0A EF BF BD 79 EF BF BD 27 EF BF BD EF BF BD EF BF BD 27 67 EF BF BD 1C EF BF BD 38 76 0D 0D EF BF BD EF BF BD D0 9F 2A 2B EF BF BD 1B EF BF BD 40 4B EF BF BD EF BF BD EF BF BD EF BF BD 0B EF BF BD EF BF BD 0D EF BF BD 76 EF BF BD 74 16 6D 29 30 2B 02 D2 BD D5 80 EF BF BD EF BF BD 35 7C 54 1A EF BF BD 54 64 59 04 21 06 6C EF BF BD 31 CA 96 6B EF BF BD EF BF BD 54 2E EF BF BD 42 75 EF BF BD EF BF BD 47 EF BF BD 58 79 2C EF BF BD 16 EF BF BD C3 96 4E EF BF BD EF BF BD 16 48 09 26 6C 55 EF BF BD EF BF BD EF BF BD 6F 2A 27 EF BF BD EF BF BD EF BF BD 51 EF BF BD 00 00 02 4A AA 13 A1 47 C2 2A 9B 9E 29 91 52 97 57 11 B6 BA B6 29 9B 61 FC B7 12 58 ED BC 6F 2B 58 F9 E3 32 2A C2 5F 24 A4 FB 21 D1 29 F7 AF 7C C0 1A 4E DE 1D 2C EA 6A 7D AE CE 09 18 0A 7D AE 4F 5E 8E 0D AE 31 90 5B BC 3B 36 14 41 93 A3 F9 4D 3F 07 41 59 37 A9 E3 C7 8F 4B 9A EC 24 98 BA F2 41 51 C7 8C 7C B7 60 3F 8F DC D4 D1 8A 68 B7 08 EC 9E B6 7A 51 8C 10 40 7A C9 4A 12 26 30 C8 CE 23 D5 8D 2E 56 19 C0 E7 BF 38 BD 6B 94 E1 6E 1F 19 90 3D E2 16 2E 31 14 06 36 C9 A8 16 A7 A9 D3 1C 2B 62 90 99 82 23 70 69 D3 18 56 6A 3E 39 65 0A 64 88 C9 B0 64 FA B1 39 D0 D9 BD 0A CC 79 D6 27 99 C4 C6 27 67 D7 1C B6 38 76 0D 0D ED C3 D0 9F 2A 2B BC 1B CF 40 4B 8E A6 E0 D6 0B 8E 84 0D FA 76 B5 74 16 6D 29 30 2B 02 D2 BD D5 80 F7 F9 35 7C 54 1A BE 54 64 59 04 21 06 6C D3 31 CA 96 6B 9D C6 54 2E BF 42 75 85 9D 47 CA 58 79 2C 9F 16 A7 C3 96 4E 91 AA 16 48 09 26 6C 55 94 BC F0 6F 2A 27 B4 B9 C0 51 B8 A5 62 BC 4A 18 13 BC 24 79 EA 7F B8 0A 67 BB 01 E6 C2 74 B5 1A 44 7D 7F 9E 9B 49 F5 A2 FC EF 4A 8D CA 39 88 06 8C 96 0E 13 E1 AE 5C 3D 31 E0 5D 8F A5 CA 9D 6B 7B 32 0C 4B 81 02 0D E3 69 B2 80 6A D9 B3 83 D8 85 8B 87 38 7D CA 31 15 51 7B B2 6E AB D1 6D 4A 45 00 43 2E 4C C4 06 40 5F BB 34 B5 0D C9 6C 28 70 1C DE 8C 38 61 3A CB 0E 6B 4A 8C E5 E5 E0 3D 57 D2 34 9E F7 EA 7D 5B D0 F6 42 5B 66 A1 2C 68 24 04 04 43 59 7D 51 19 09 B0 B5 42 68 55 A8 EB 69 6A D3 56 92 E0 24 11 AE 62 0C FD 51 72 DB A3 1D 1A 10 EE 6E CA 9F 00 AD BC 45 C3 A1 D0 E9 82 1A 16 78 D2 E7 41 40 25 84 66 F7 39 99 55 4A 14 F6 DA BC E1 68 92 26 E0 6F 48 93 AA 4C 48 BC F6 9E 06 60 32 CC 10 2B 43 AE C6 EC 0C 96 11 7A 81 14 AB E5 22 E8 B5 37 DB C5 5E F8 A4 70 2A AE 08 D7 83 2A B7 CC 6F D3 4B BE 30 D7 38 4A 29 23 75 B3 DB 0E E8 AE D5 FC 8F 0E A7 15 23 23 EC 3E 23 84 1B 5A C9 46 59 39 F4 ED B7 2C C5 26 0B 2E 3D 00 00 00 06 6D 69 64 64 6C 65 00 00 00 03 00 00 00 01 69 00 00 00 04 6C 6F 76 65 00 00 00 0A 65 66 66 69 63 69 65 6E 63 79 3E AA AA AB 39 B5 C8 06 FE 10 B4 8B DE 00 00 01 54 62 04 EF BF BD 7C D9 91 27 42 EF BF BD EF BF BD EF BF BD EF BF BD 5D EF BF BD EF BF BD 7D 3B EF BF BD EF BF BD 10 EF BF BD EF BF BD 7D 41 61 7C EF BF BD 1D 44 EF BF BD 62 75 03 38 EF BF BD EF BF BD 73 22 D6 9E EF BF BD 03 EF BF BD EF BF BD 65 CE 9D 78 1C 16 EF BF BD E8 BB A3 EF BF BD EF BF BD EF BF BD 20 EF BF BD 68 28 4F 59 7C 62 EF BF BD EF BF BD 57 2E 0A CF 9E EF BF BD EF BF BD EF BF BD 40 EF BF BD 20 74 58 0E EF BF BD EF BF BD 4A EF BF BD EF BF BD 16 21 EF BF BD 60 42 69 EF BF BD EF BF BD EF BF BD 1F 5B EF BF BD EF BF BD EF BF BD 52 EF BF BD 0B 1E EF BF BD 5D EF BF BD 70 29 EF BF BD D2 A9 5E 59 EF BF BD 7F E3 97 86 EF BF BD EF BF BD 3C 6E EF BF BD 58 45 EF BF BD EF BF BD 16 5F D2 B6 EF BF BD 44 EF BF BD 11 EF BF BD 75 26 7A 50 EF BF BD 78 7E EF BF BD EF BF BD EF BF BD 35 14 14 71 4A 1B 35 46 0D EF BF BD 38 EF BF BD EF BF BD 61 43 EF BF BD 04 EF BF BD EF BF BD 5A 6F 61 50 EF BF BD 67 EF BF BD 78 EF BF BD 7A EF BF BD 74 6B 69 EF BF BD 7A 60 DA 92 EF BF BD 56 EF BF BD 70 EF BF BD 76 EF BF BD 6B 4B 4D 46 00 00 01 8B 62 04 B2 7C D9 91 27 42 F4 B3 B5 D9 5D 8A 96 7D 3B BE AF 10 9D C3 7D 41 61 7C E8 1D 44 ED 62 75 03 38 9A E6 73 22 D6 9E AB 03 E3 CB 65 CE 9D 78 1C 16 D7 E8 BB A3 A1 EE F4 20 E5 99 68 28 4F 59 7C 62 8C F1 57 2E 0A CF 9E EB C7 E6 40 F1 20 74 58 0E B6 F7 4A 8C 92 16 21 F6 60 42 69 9E E9 FC 1F 5B A5 FF 9B 52 91 0B 1E E2 5D F7 70 29 A4 D2 A9 5E 59 D1 7F E3 97 86 B4 A1 3C 6E B8 58 45 BF B0 16 5F D2 B6 EE 44 8F 11 FA 75 26 7A 50 96 78 7E BF DA E8 35 14 14 71 4A 1B 35 46 0D B0 38 93 E8 61 43 99 04 8D B2 5A 6F 61 50 EB 67 BF 78 D0 7A CC 74 6B 69 FE 7A 60 DA 92 E4 56 E3 70 D6 76 F3 6B 4B 4D 46 DB 38 A0 C7 2F 35 31 44 3B 76 74 F3 B6 40 14 BF F7 75 5B 29 A7 89 C2 F9 0F 37 DE F2 20 B6 53 1F 33 9B 1C BB 84 E8 70 A2 F1 3A 76 74 C8 07 96 FC 5B 57 7C 54 EC 0E C7 D2 EE 83 85 7A 54 5F 32 98 B2 4D 5E 7F F6 13 00 16 85 1F C6 3B B5 D2 BB 89 AD 3F A0 4A C2 0C A2 36 B0 76 EA 14 BC E1 96 9C E4 FB 43 5E 50 FF 41 BA 29 F9 8A BC BE 20 0C F7 45 96 3C 50 7B BF 99 AF 9C BE C1 BB B9 0D 11 7D F9 0B C9 35 A1 32 B6 AA D1 20 54 1C A6 F0 8D 75 96 B7 DB 7B D2 2B 17 0D 17 FE 18 61 F6 7E A8 6D 8F 20 8D F6 99 DB 1A 88 69 83 EF B6 6E 05 4A 5C F8 FA 3B 39 B2 EB 4A E2 20 52 7A 6A CC 5A E4 06 0B DB 61 27 3C 10 00 00 00 03 65 6E 64 00 00 00 09 62 65 67 69 6E 6E 69 6E 67 00 00 00 03 00 00 00 01 69 00 00 00 04 6C 6F 76 65 00 00 00 0A 65 66 66 69 63 69 65 6E 63 79 3E AA AA AB 19 5D A4 BF D5 0E 5B C6 F9 00 00 00 AE EF BF BD 4A 5D EF BF BD 07 EF BF BD 52 2E EF BF BD EF BF BD EF BF BD EF BF BD 7F 60 EF BF BD 60 EF BF BD 48 02 26 EF BF BD 01 EF BF BD 09 3B EF BF BD 02 6C EF BF BD 03 DD BE 78 2E EF BF BD 15 EF BF BD EF BF BD 0F 7B 54 EF BF BD 62 EF BF BD 28 63 76 EF BF BD 5C EF BF BD 7B 3C 73 14 EF BF BD EF BF BD EF BF BD 55 EF BF BD 76 78 EF BF BD 31 EF BF BD 7B 7E EF BF BD ED 96 9A EF BF BD 12 51 EF BF BD 35 0E 70 EF BF BD EF BF BD EF BF BD EF BF BD 01 05 EF BF BD 60 4F EF BF BD 79 EF BF BD 2A EF BF BD EF BF BD EF BF BD EF BF BD 00 00 00 C1 C9 4A 5D CB 07 EF 95 52 2E 82 81 F3 C3 7F 60 90 60 D8 48 02 26 DB 01 8F 09 3B AE 02 6C B1 03 DD BE 78 2E F8 15 8E D4 0F 7B 54 BC 62 84 28 63 76 D1 5C AB 7B 3C 73 14 AA FA C6 55 F8 76 78 C4 31 80 7B 7E B4 ED 96 9A E9 12 51 B2 35 0E 70 B2 90 B9 F3 01 05 EC 60 4F E2 99 79 B5 2A A8 C1 AE B3 CA FB 0F 36 31 F3 19 09 26 01 AE 46 89 89 93 07 F0 F1 76 84 EC 30 A0 D5 C2 76 16 AD 8C 56 1C 8F 2D 62 45 3D C8 B1 51 D3 E0 E3 7D 88 00 99 64 57 5E 15 70 E1 73 25 18 3F 8A C3 BA DD D0 9B A3 2A 8C 7D E1 06 5E EB AB 6B DD B8 F9 24 E4 6B 4C BE 81 13 23 AE C1 E2 33 01 B7 B8 5C 31 C7 51 3A DB 9E 00 00 00 06 6D 69 64 64 6C 65 00 00 00 03 00 00 00 01 69 00 00 00 04 6C 6F 76 65 00 00 00 0A 65 66 66 69 63 69 65 6E 63 79 3E AA AA AB 78 31 0D C4 86 8B 93 97 E1 00 00 01 1F EF BF BD 77 EF BF BD 60 EF BF BD 2B EF BF BD 6B 43 45 3A EF BF BD EF BF BD EF BF BD 04 70 25 2D EF BF BD 05 2E 45 61 56 E9 B3 A5 EF BF BD 23 EF BF BD EF BF BD EF BF BD EF BF BD 39 1D EF BF BD EF BF BD 51 EF BF BD EF BF BD 00 56 41 49 4E 51 56 EF BF BD EF BF BD 0E 01 EF BF BD EF BF BD 19 EF BF BD EF BF BD 04 0B EF BF BD EF BF BD 4E 24 47 3F 37 3C 5A 6A EF BF BD EF BF BD 30 67 0E EF BF BD EF BF BD 2C EF BF BD 08 EF BF BD 23 D0 B9 EF BF BD EF BF BD 1E 51 73 EF BF BD EF BF BD EF BF BD 34 25 2B 06 6B 2F 0A EF BF BD EF BF BD 01 EF BF BD 22 30 79 CE B8 71 73 7A 09 72 3F 78 D0 94 32 EF BF BD 7D EF BF BD EF BF BD 30 EF BF BD 68 54 EF BF BD 27 75 20 21 EF BF BD 4B EF BF BD 44 EF BF BD EF BF BD 61 1F 40 22 EF BF BD EF BF BD EF BF BD EF BF BD EF BF BD 22 71 EF BF BD 5D 6F EF BF BD EF BF BD 0F EF BF BD EF BF BD 32 6F EF BF BD 2D EF BF BD 36 1D EF BF BD EF BF BD 00 00 01 4F EC 77 BD 60 95 2B BC 6B 43 45 3A A3 E7 E4 BF 04 70 25 2D 80 05 2E 45 61 56 E9 B3 A5 A8 23 AD 9E C2 D2 39 1D B5 AD 51 91 DD 00 56 41 49 4E 51 56 E0 89 0E 01 C1 81 19 E7 D0 04 0B AB DC 4E 24 47 3F 37 3C 5A 6A DE F5 30 67 0E D8 D7 2C 84 08 9C 23 D0 B9 EB D0 1E 51 73 87 D7 EB 34 25 2B 06 6B 2F 0A 90 DC 01 E7 22 30 79 CE B8 71 73 7A 09 72 3F 78 D0 94 32 E2 7D EB DC 30 F0 A7 68 54 F4 27 75 20 21 9E 4B A1 44 E2 DD 61 1F 40 22 B3 FE FE 92 DF 22 71 A8 5D 6F E5 A4 EF 0F 80 EC 32 6F E7 86 2D 8A 36 1D A4 A4 62 11 FC 1D 7D E4 5E 67 BE 49 17 27 60 3B 2C 83 DE A7 FC BF EF DE A3 15 E2 EB 81 92 44 D1 5F 1B 16 C8 05 B6 09 88 0D 59 4D EA 0A 04 95 B5 56 FB F7 22 15 06 55 CE 31 01 6F C3 19 35 29 C4 4A 18 02 69 0F 4E DA 80 EE 96 1E CB F6 6A 9E 26 C8 0C ED 46 65 4B 60 30 DD 40 30 3E FB 0A 1E D6 1D D3 06 8E 93 03 C0 60 A1 20 F5 98 2E B9 1A 61 D2 97 1B B7 F2 F7 B7 DD 74 B4 8B 23 E5 32 52 ED 20 B8 32 87 89 82 C0 65 96 9A 06 D1 33 1C 1B 7C C2 BC E4 0D D7 20 7B 8F 7E CA C5 4B 4D 10 42 72 87 61 55 D5 C7 4C F9 EC FE 31 00 00 00 03 65 6E 64 00 00 00 03 00 00 00 01 00 00 00 02 00 00 00 03 00 00 00 03 3F 80 00 00 40 00 00 00 40 40 00 00 00 00 00 03 3F 80 00 00 40 00 00 00 40 40 00 00 00 00 00 03 3F F0 00 00 00 00 00 00 40 00 00 00 00 00 00 00 40 08 00 00 00 00 00 00 00 00 00 03 3F F0 00 00 00 00 00 00 40 00 00 00 00 00 00 00 40 10 00 00 00 00 00 00 00 00 00 03 00 00 00 00 00 00 00 01 00 00 00 00 00 00 00 02 00 00 00 00 00 00 00 03 00 00 00 03 00 00 00 00 00 00 00 01 00 00 00 00 00 00 00 02 00 00 00 00 00 00 00 03 00 00 00 03 01 00 01 00 00 00 03 01 00 01 00 00 00 03 01 02 03 00 00 00 03 01 02 03 00 00 00 03 00 00 00 02 68 69 00 00 00 03 62 79 65 00 00 00 05 61 70 70 6C 65 
Binary: ???????????????	beginning????????i????love???
efficiency>���:�t��n????-��/)��f��h?H�HS%��5�;��`�x��3�v?f�φ<��]]>&#x7f;<![CDATA[m��<]]>&#x7f;<![CDATA[�?%�/?P4��<WYC?{(?�փ*�"�??�5���R�E�.��W??l�Ay�����j�M��ܮ0g:?����?�9�X}���?:=�G�R?����?]]>&#x7f;<![CDATA[?��?+�D��0m%��?3��|?G��p????D��/)��f��h?H�HS%��5�;��`�x��3�v?f�φ<��]]>&#x7f;<![CDATA[m��<]]>&#x7f;<![CDATA[�?%�/?P4��<WYC?{(?�փ*�"�??�5���R�E�.��W??l�Ay�����j�M��ܮ0g:?����?�9�X}���?:=�G�R?����?]]>&#x7f;<![CDATA[?��?+�D��0m%��?3��|?G��p?���&?�#�G8Lէ�)==A1�.(#��??�x?�ڿ�̄???w���`?�?�B��vV��?K��j���a?�QG�t%a]�Wjv-��>�3X��Eذ�?sC_?U??B�?��Ȯ��
�3��xZ^l??�>7�NL�/�Q�?�?kQL?5Peu��`����?�??��?�?????middle????????i????love???
efficiency>���n����%�B�???����?i�?z]ߏ.�]�Қ��xʞ�+?���ڇ�RD���zԽϟ�$�]]>&#x7f;<![CDATA[?DDݰD�?M�[��?�Y�?o��?�5K[�%�F-?��p�7?��+>?.?匃���t?TV�?�#k+�����dVap�F�?sN�??�M��0V��x?P����̤���θmٶ?(w0eQ??�(���<A,6�x?�N�jG���?Fbk���?UE�Pݴ�ُiwB^<�.C?>ň��Lf�'?�%1��??i�`M�jJ��/%�Xȥ/I}F�.mt�JU�a��g,��?�?X�b?
M????���?i�?z]ߏ.�]�Қ��xʞ�+?���ڇ�RD���zԽϟ�$�]]>&#x7f;<![CDATA[?DDݰD�?M�[��?�Y�?o��?�5K[�%�F-?��p�7?��+>?.?匃���t?TV�?�#k+�����dVap�F�?sN�??�M��0V��x?P����̤���θmٶ?(w0eQ??�(���<A,6�x?�N�jG���?Fbk���?UE�Pݴ�ُiwB^<�.C?>ň��Lf�'?�%1��??i�`M�jJ��/%�Xȥ/I}F�.mt�JU�a��g,��?�?X�b?
MM����Cu?��89�b_��w�/�e0�h��R��=P��?��$�?����pӃ2#?�jW?���>���k+��
:�\qw7��ւ?	���#^x�VX�?���?�Ǒ�wh?�w�?,�ؾ����m��W�?����0!͝]]>&#x8e;<![CDATA[7?Y���N}6��Eg�>����:��e��]]>&#x7f;<![CDATA[��?6��?��j8��n���?�G6?�.��
?ȼ�W�gn?��AxEh�?��"C~ٮ*���ư��Eɢǝ�0?nU6��SX5+޲?�<��� �	��`���d�
"?'�Dc?q3?,�2�????end???	beginning????????i????love???
efficiency>���^��$�?3�?????2?��/h�.
b*P�/�?���O�]]>&#x99;<![CDATA[�{a�n'��Q���ow�*���}��9��ZʭNl���b?مF��?-����^��Z�/�w����o�ѷ��kkK�]?_T�Ǩ�?qd3?è�?���PG�]B�&Ye�B�xT��?��_�-�d?
�?���WR����"?�.?3�d\٥�~��<Q;x�ù�Վ��?�?O�@Px�??�V�?����'f4�'��b�z���1d�ԅ�?u??R��?�Yq�5ܗ��dz��p?�a?�3&�K~�6_�&,<�z������??����F�K?�1�,?���???82?��/h�.
b*P�/�?���O�]]>&#x99;<![CDATA[�{a�n'��Q���ow�*���}��9��ZʭNl���b?مF��?-����^��Z�/�w����o�ѷ��kkK�]?_T�Ǩ�?qd3?è�?���PG�]B�&Ye�B�xT��?��_�-�d?
�?���WR����"?�.?3�d\٥�~��<Q;x�ù�Վ��?�?O�@Px�??�V�?����'f4�'��b�z���1d�ԅ�?u??R��?�Yq�5ܗ��dz��p?�a?�3&�K~�6_�&,<�z������??����F�K?�1�,?����#��~�u2���
д?�??���?(y,�pע?q��.#v{?�۴o�(a"<*��?A��	�h�I%��0~C��
��??�t�F���tٹ��.?g�p�"�1�Nc�?t�.��-h?�����3Y�d�R?��֏�h*H�?L�Y?��hNv?��K�X���#���`?��o��з��a?�l��ibC��+���<��bv]�{Mt?���`����Z�0�(��|~��?�\}]]>&#x7f;<![CDATA[�.2�]]>&#x7f;<![CDATA[J;?�5%+S,�	T?v��,��&-��?C!KUp�t�]��?�"�馶Rn��Fp҃�o6�-���Ƀ????middle????????i????love???
efficiency>���Y_�|�@�?_???���h�}�i�H?����q~V9x"?-�?7?K�2ӊO���Ê�"�'��I�;�7?�	�a��A�??|?5?�/.�?���`�?����b��?��Û����%H?Ի5S�?4v�2�>f?�߆?nůp�
�[�Z��PiW��v?��']]>&#x7f;<![CDATA[????��h�}�i�H?����q~V9x"?-�?7?K�2ӊO���Ê�"�'��I�;�7?�	�a��A�??|?5?�/.�?���`�?����b��?��Û����%H?Ի5S�?4v�2�>f?�߆?nůp�
�[�Z��PiW��v?��']]>&#x7f;<![CDATA[�MZ�G^����(����P?	?ڍ�������r
_M���z?V�<��F?A?�???�??��ኢ?��̕F���?3\��g?����?��}ǰj�:?�|��k5�9�?�ر�?V�w�2z?_�?�K�"���K?]m�!�M�Z�G�`!�????end???????????	beginning????????i????love???
efficiency>���9��*���
�???�$�??���c���>?�s	�Js?ʼ<�+ǥ?[����1|~vd�o�!*���a?Hւt��xQ ��&ni{?)\/�����Ǩ��W�^cM?���X?��� ��?j�H$�z�lŘ5�d֞?�?�?�O�D?J
?�Q�?l]]>&#x7f;<![CDATA[j!?m�o�+X��p��tRE�Rq�ƶ�o({��& U����,�CK�4���7]�rZ���?���Hp�Ҿz��M�?$�l�܆�?�?��z�?E(Aa�F��Dt6��?�()`�n�??4�9��?���c;�?)�kx˿�E��6�_�5 ??�?4�^?��G?��[�m????:$�??���c���>?�s	�Js?ʼ<�+ǥ?[����1|~vd�o�!*���a?Hւt��xQ ��&ni{?)\/�����Ǩ��W�^cM?���X?��� ��?j�H$�z�lŘ5�d֞?�?�?�O�D?J
?�Q�?l]]>&#x7f;<![CDATA[j!?m�o�+X��p��tRE�Rq�ƶ�o({��& U����,�CK�4���7]�rZ���?���Hp�Ҿz��M�?$�l�܆�?�?��z�?E(Aa�F��Dt6��?�()`�n�??4�9��?���c;�?)�kx˿�E��6�_�5 ??�?4�^?��G?��[�m??�]�6?u}��zu�?_�?jI�\�]�- $�u�&�Iʛ���!}Op��y\��Ć�D?f��o?/��w�aSJ?a�<�|��x��?�;k/?�<>V�?.�$�?y�?���l�?|#X�c�84����e�$��>�4�&״�C�)�'8S'�&b�F��?�V���f8��?�??����?�S�:�fG??�>?7��V?J&�/G�����C��cX;Uf?l���� ?�\?�t��C��{3��?kkXu�<�`p?�nI�5�$+߀?C�?�qh}�F�O��\_��X?Щ m?�ʒ=\?&pJB�????middle????????i????love???
efficiency>���O�c����?�???��?z�$�%�8?W�?_���^��������A�g?m�]��<`߬[j��H�-�M=f[~8�[z�Ȁ����]]>&#x7f;<![CDATA[?{7/?iܐ��|0j����F?���?�?���
?�??� �F{���???��?z�$�%�8?W�?_���^��������A�g?m�]��<`߬[j��H�-�M=f[~8�[z�Ȁ����]]>&#x7f;<![CDATA[?{7/?iܐ��|0j����F?���?�?���
?�??� �F{���>?u.L�'N�϶�?F��?�*??�r�s<�dF����B�?��L9?rI֊�e�?�	�E�g8���?���'?t�Y�h'6�#�l?R=�?l�5kz)@$�O�?��oi�A@%��????end???	beginning????????i????love???
efficiency>���Xv���?g�????�l���{�?!?��W;.?ں?�>܄9���u2d ����w�,-k?Z�)L�{�a���O�?n?p�k�q�ǿ���;#_~I��G���X��71�&�?4À???�l���{�?!?��W;.?ں?�>܄9���u2d ����w�,-k?Z�)L�{�a���O�?n?p�k�q�ǿ���;#_~I��G���X��71�&�?4À?��?�坬�?<-�#?:�m�Q����?��?ڈ�/�A�m_2-5%zW�iS?��C��?!� a�2O�?�?�E2�?G���r???vUѠ��H�N���????middle????????i????love???
efficiency>���#��{�V%��???:P�k?�b PElQ��+B�)��J��#(#`��YJM�?(???GP�k?�b PElQ��+B�)��J��#(#`��YJM�?(��Nf�?{b?��@��e?;�6�"�]��s���V[NZ?????end???	beginning????????i????love???
efficiency>���/T���W�L�???��hDt���T	�ZY�e��D6�M�[�?E?���\�?^i�2r �<��ˏ�C�?׋<�AFt�{��?�J#-�OEj>[+4��?��D3?:?��??�??.?����? �~D<��=??`~���?:���o�?�B�'?IH?�?��P��ţ1ƨ.z8sV��J�T`�~�����Dd?��?���㯄H_�?j8�v$?�>��-v��?��.l?�8D=��??
�ۄ2y)6?��W?w@q -���v��8?(��;??�kUi��0}�+|�F?�0�߀?�'tZV�l��1��6��FO�m�sI�?$�o?????B�hDt���T	�ZY�e��D6�M�[�?E?���\�?^i�2r �<��ˏ�C�?׋<�AFt�{��?�J#-�OEj>[+4��?��D3?:?��??�??.?����? �~D<��=??`~���?:���o�?�B�'?IH?�?��P��ţ1ƨ.z8sV��J�T`�~�����Dd?��?���㯄H_�?j8�v$?�>��-v��?��.l?�8D=��??
�ۄ2y)6?��W?w@q -���v��8?(��;??�kUi��0}�+|�F?�0�߀?�'tZV�l��1��6��FO�m�sI�?$�o??.�V�f���^!:�uN?��<$�8�?冝-<{��+
X/��t�?�VF�0���᝼0+?!?�9\�$Z�Z��,p���\�J��S����BgT�?�U��	
��%?��?�R]�� zIK�6��?�K�7?�jk"�Hg7v�.�?@�ώ���`��?s���i�?צ}NL57�V(�6�z�8^?�F}��U<Z?uTA|d�?���UIR(����x��oo;e�*�|���?5�?Կ�=��?u�Շ�[�?� ^�l̓p?qqJ�@�>G�����1U���?7�Q?�3��?c#���~�3
r�?����-o��7????middle????????i????love???
efficiency>���?�?Q�Ng	�???�??f�D>?eP�D��0?i�e�4��l�ؚ�=ٗ�~j�G�2�?�L�Lc)g�o�ж?Ei�����=�>О�ՙ��~	h?�
�?Հ� 	�n?��B?�F��?�惃K�<F���J�����B�]]>&#x7f;<![CDATA[-�%???�??f�D>?eP�D��0?i�e�4��l�ؚ�=ٗ�~j�G�2�?�L�Lc)g�o�ж?Ei�����=�>О�ՙ��~	h?�
�?Հ� 	�n?��B?�F��?�惃K�<F���J�����B�]]>&#x7f;<![CDATA[-�%O��??�g�!-�?���B>?q��k��Y)�$n�?��ᐭՔ- ??�?Z ?B?f�d?��\ԡ�1m�,��Y���4?����?���<=�ݣ�����@\�?�2�?Ja�"F�	?f3�S����G��@��z?????end???????	beginning????????i????love???
efficiency>���D)-y�h�M�???$�֗�*;.��]]>&#x8c;<![CDATA[�?eY��P��Ѩ�S�� ~�x��?a?����8Ƴ�8�?$?L�?��:�Q�?s4�~ٝtRH�n?H��r�Ãh�`��%��ϔi@�bj?��?���k��+W5D��(���?Nv��$��Q�,������7q��r?�?"�C�+@?!�+����???4�֗�*;.��]]>&#x8c;<![CDATA[�?eY��P��Ѩ�S�� ~�x��?a?����8Ƴ�8�?$?L�?��:�Q�?s4�~ٝtRH�n?H��r�Ãh�`��%��ϔi@�bj?��?���k��+W5D��(���?Nv��$��Q�,������7q��r?�?"�C�+@?!�+��������
WR[��??????�?T�a1��<����0��"�g���^��ޢ�m�?�xi?|2��]�,C�>��ڋB#8j��q?w
\��{�?-?�\c��!/ �i�ReȊ�$G~�Y�f���u��x�J?��j��&b��Y��V}�5��?��9���6�?NOV????middle????????i????love???
efficiency>���W�?ж7?��???���L��=�?�Ůx⏎T?Y�ߕ�)h���y??�A<':M?]]>&#x7f;<![CDATA[b��:�{�i	�,� ���?c��w�y?Ӧz�&�I?�^� ??:���?�r�N�z[�R�+q��Z?�.eE?��!�;r_P��?�������W�?]]>&#x89;<![CDATA[S^qR%Ko��?�������^0s�j?U�?pU{\���@�����@���F�S��Гz����N�Y�D%Ռ�nqǛS��|�?��Y ?�?��?y �X�?>,E�AXb?,��\���n#�?�Kҏ8�?���?�� fT4�/G???
��L��=�?�Ůx⏎T?Y�ߕ�)h���y??�A<':M?]]>&#x7f;<![CDATA[b��:�{�i	�,� ���?c��w�y?Ӧz�&�I?�^� ??:���?�r�N�z[�R�+q��Z?�.eE?��!�;r_P��?�������W�?]]>&#x89;<![CDATA[S^qR%Ko��?�������^0s�j?U�?pU{\���@�����@���F�S��Гz����N�Y�D%Ռ�nqǛS��|�?��Y ?�?��?y �X�?>,E�AXb?,��\���n#�?�Kҏ8�?���?�� fT4�/G<?E����v��H:3�T??�؜��?.?js)�C�e[?���?��?Mdᄬ�?(?�A	�?��R�9_��[ng�bѤo���?���??*��??�a�X�&�/??O\�#��
�IƝ�U��:U=9?����A6/�����z?ju?=p<ۅ?V_˿��Dm���m�_�d�9�a??�j&eb�5?�8�%�?���
�1G�H????�Ra6?+o?�6�D?n?^���,÷���)?!C?Կ��Y�o;�V��<We/r��lP??�5?�ͣ,?V���!?ӑ????end???	beginning????????i????love???
efficiency>���R�����+?�???9�C}1??G�F��q��{��}�C���'�_�
?���͠��C��?řf��6��s5L�G?���A�s]�ٽ��?�۶�r!˳!�%�?+~*��6����?v����;Y.U�=�ݓn?ͣ?̦\ؤ�K��u?uO���n��O�c???��5������k?�A;��4I�K?�����;????F�C}1??G�F��q��{��}�C���'�_�
?���͠��C��?řf��6��s5L�G?���A�s]�ٽ��?�۶�r!˳!�%�?+~*��6����?v����;Y.U�=�ݓn?ͣ?̦\ؤ�K��u?uO���n��O�c???��5������k?�A;��4I�K?�����;??�[�x|�<S?�D�?/8ω?��?r��s`Q?�?f�+�?þ ?�Y�=�%r�1@t��N!D_�W×��A�9�8��2���]E�4s����?�Bz����?h??�?������u#%�L߿�r�x1�k�|��b3Gq���&���|��?)?��9���th?Ѻ/?��n� ����????middle????????i????love???
efficiency>���?ߪ?�?׀d???��;ϙ?�"��O�H;�V?mil�]]>&#x7f;<![CDATA[Q g2�����?�dN�?w?������`���6o%9�?�,�p=ߺ]�?�wmU�?yA��T����A?I�5���̶E�Ɩ!�B�?�`�'jNh�nM��?M�U%ZɳI1�H�o?�r���r)�;��?!W.)y=����??s?�*?�?КPq???�??2Êh�emZ�X_?�?#��;?�7�?�J[�o�2�m�??�?��X��ƙ���	
���>+�!>��ᵁbU�s�,�|�;�]]>&#x7f;<![CDATA[�J<�����cO#?�?�@r�_????�;ϙ?�"��O�H;�V?mil�]]>&#x7f;<![CDATA[Q g2�����?�dN�?w?������`���6o%9�?�,�p=ߺ]�?�wmU�?yA��T����A?I�5���̶E�Ɩ!�B�?�`�'jNh�nM��?M�U%ZɳI1�H�o?�r���r)�;��?!W.)y=����??s?�*?�?КPq???�??2Êh�emZ�X_?�?#��;?�7�?�J[�o�2�m�??�?��X��ƙ���	
���>+�!>��ᵁbU�s�,�|�;�]]>&#x7f;<![CDATA[�J<�����cO#?�?�@r�_F�??y��rAB���Y��.'��f�?�???�f�?o��?Z�(>[�8p�`���A�??��$��	���=h��MJ�T{X�
���Ȳ��}�_BPe���)�?^�ps����֖)���V��]]>&#x84;<![CDATA[?�q�?�Ѽ�{�(Qps�kUj#]]>&#x7f;<![CDATA[��?��s��L<w������[Z?�W??
�)�Ur�D��&��7@ț�����?���i��б?��\,�?�3!������Xq��?��?�Op/�%�*��S0Z�	@�`����n]]>&#x7f;<![CDATA[V�n����?�/�e�]]>&#x7f;<![CDATA[7�]]>&#x7f;<![CDATA[?5`��W????end
Hex: 00 00 00 02 00 00 00 01 00 00 00 02 00 00 00 09 62 65 67 69 6E 6E 69 6E 67 00 00 00 03 00 00 00 01 69 00 00 00 04 6C 6F 76 65 00 00 00 0A 65 66 66 69 63 69 65 6E 63 79 3E AA AA AB 3A E5 74 F1 B0 E9 8A 6E 01 00 00 01 2D EF BF BD EF BF BD 2F 29 EF BF BD EF BF BD 66 EF BF BD EF BF BD 68 3F 48 EF BF BD 48 53 25 EF BF BD EF BF BD 35 EF BF BD 3B EF BF BD EF BF BD 60 EF BF BD 78 EF BF BD EF BF BD 33 EF BF BD 76 12 66 EF BF BD CF 86 3C EF BF BD EF BF BD 7F 6D EF BF BD EF BF BD 3C 7F EF BF BD 07 25 EF BF BD 2F 14 50 34 EF BF BD EF BF BD 3C 57 59 43 11 7B 28 07 EF BF BD D6 83 2A EF BF BD 22 EF BF BD 08 15 EF BF BD 35 EF BF BD EF BF BD EF BF BD 52 EF BF BD 45 EF BF BD 2E EF BF BD EF BF BD 57 00 16 6C EF BF BD 41 79 EF BF BD EF BF BD EF BF BD EF BF BD EF BF BD 6A EF BF BD 4D EF BF BD EF BF BD DC AE 30 67 3A 11 EF BF BD EF BF BD EF BF BD EF BF BD 3F EF BF BD 39 EF BF BD 58 7D EF BF BD EF BF BD EF BF BD 04 3A 3D EF BF BD 47 EF BF BD 52 1A EF BF BD EF BF BD EF BF BD EF BF BD 00 7F 19 EF BF BD EF BF BD 14 2B EF BF BD 44 EF BF BD EF BF BD 30 6D 25 EF BF BD EF BF BD 03 33 EF BF BD EF BF BD 7C 1F 47 EF BF BD EF BF BD 70 08 00 00 01 44 C6 E5 A4 2F 29 C8 E3 66 E3 FD 68 3F 48 E9 48 53 25 A8 8F 35 E7 3B E1 DA 60 F7 78 B1 81 33 E9 B0 76 12 66 D3 CF 86 3C A8 93 7F 6D FA F9 3C 7F D4 07 25 CA 2F 14 50 34 84 CB 3C 57 59 43 11 7B 28 07 93 D6 83 2A 95 22 AD 08 15 FD 35 9E B3 B9 52 80 45 DB 2E AD A3 57 00 16 6C CB 41 79 85 98 BE 84 99 6A E8 81 4D 90 9F DC AE 30 67 3A 11 FA F5 A6 CD 3F DA 39 BB 58 7D F5 BF E6 04 3A 3D 86 47 AC 52 1A 97 BC 80 DF 00 7F 19 8E 92 14 2B 8C 44 82 F3 30 6D 25 D8 D2 03 33 B8 F8 7C 1F 47 8C EA 70 08 9B E5 EB 26 1C E2 B6 23 D0 47 38 4C D5 A7 8F 29 3D 3D 41 31 EC B9 2E 28 23 E1 C4 3F 07 B0 78 14 AA DA BF 9F CC 84 17 15 1D 77 F4 A9 FB 60 3F B9 3F BE 42 BB 91 76 56 95 F1 01 4B 8E C2 6A 9F A2 D3 61 0F 83 51 47 8D 74 25 61 5D E8 57 6A 76 2D C1 A2 3E 81 33 58 B1 E5 0D 45 D8 B0 AD 16 73 43 5F 07 55 01 3F 42 DA 1E E5 D8 C8 AE E2 AE 0D 8D 0A CF 33 8D 83 78 5A 5E 6C 08 16 99 3E 37 B6 4E 4C CD 2F D4 51 86 10 AD 00 6B 51 4C 10 35 50 65 75 94 80 60 F9 C4 FD F1 88 06 B0 18 13 F8 E0 15 88 1D 00 00 00 06 6D 69 64 64 6C 65 00 00 00 03 00 00 00 01 69 00 00 00 04 6C 6F 76 65 00 00 00 0A 65 66 66 69 63 69 65 6E 63 79 3E AA AA AB 6E 8B DA CC CB 25 C2 42 DE 00 00 01 C6 EF BF BD EF BF BD EF BF BD 11 69 EF BF BD 1B 7A 5D DF 8F 2E EF BF BD 5D EF BF BD D2 9A EF BF BD EF BF BD 78 CA 9E EF BF BD 2B 1E EF BF BD EF BF BD EF BF BD DA 87 EF BF BD 52 44 EF BF BD EF BF BD EF BF BD 7A D4 BD CF 9F EF BF BD 24 EF BF BD 7F 17 44 44 DD B0 44 EF BF BD 0B 4D EF BF BD 5B EF BF BD EF BF BD 01 EF BF BD 59 EF BF BD 1D 6F EF BF BD EF BF BD 0E EF BF BD 35 4B 5B EF BF BD 25 EF BF BD 46 2D 1B EF BF BD EF BF BD 70 EF BF BD 37 07 EF BF BD EF BF BD 2B 3E 0B 2E 1C E5 8C 83 EF BF BD EF BF BD EF BF BD 74 17 54 56 EF BF BD 11 EF BF BD 23 6B 2B EF BF BD EF BF BD EF BF BD EF BF BD EF BF BD 64 56 61 70 EF BF BD 46 EF BF BD 17 73 4E EF BF BD 10 0E EF BF BD 4D EF BF BD EF BF BD 30 56 EF BF BD EF BF BD 78 14 50 EF BF BD EF BF BD EF BF BD EF BF BD CC A4 EF BF BD EF BF BD EF BF BD CE B8 6D D9 B6 1D 28 77 30 65 51 12 04 EF BF BD 28 EF BF BD EF BF BD EF BF BD 3C 41 2C 36 EF BF BD 78 19 EF BF BD 4E EF BF BD 6A 47 EF BF BD EF BF BD EF BF BD 06 46 62 6B EF BF BD EF BF BD EF BF BD 07 55 45 EF BF BD 50 DD B4 EF BF BD D9 8F 69 77 42 5E 3C EF BF BD 2E 43 1D 3E C5 88 EF BF BD EF BF BD 4C 66 EF BF BD 27 0E 0D EF BF BD 25 31 EF BF BD EF BF BD 0F 1D 69 EF BF BD 60 4D EF BF BD 6A 4A EF BF BD EF BF BD 2F 25 EF BF BD 58 C8 A5 2F 49 7D 46 EF BF BD 2E 6D 74 EF BF BD 4A 55 EF BF BD 61 EF BF BD EF BF BD 67 2C EF BF BD EF BF BD 19 EF BF BD 11 58 EF BF BD 62 01 0A 4D 00 00 02 19 80 A4 C2 11 69 FC 1B 7A 5D DF 8F 2E D9 5D A3 D2 9A E6 C7 78 CA 9E F3 86 2B 1E B0 DB FE DA 87 E4 52 44 82 A4 97 7A D4 BD CF 9F 8B 24 C5 7F 17 44 44 DD B0 44 FB 0B 4D 99 5B DB F5 01 AB 59 8A 1D 6F C4 D5 0E 96 35 4B 5B BC 25 F2 46 2D 1B 92 AE 70 87 37 07 A2 89 2B 3E 0B 2E 1C E5 8C 83 FA BB F2 74 17 54 56 81 11 B1 23 6B 2B A8 CF FE 81 D9 64 56 61 70 8E 46 81 17 73 4E C7 10 0E C2 4D EF ED 90 30 56 AB F3 99 78 14 50 EB E3 EC E7 CC A4 9C E1 D1 CE B8 6D D9 B6 1D 28 77 30 65 51 12 04 E4 28 A8 EC CD 3C 41 2C 36 C9 78 19 C9 4E E5 6A 47 F9 CD EE B8 06 46 62 6B F0 82 96 07 55 45 A4 50 DD B4 85 D9 8F 69 77 42 5E 3C 9D 2E 43 1D 3E C5 88 9E EE 4C 66 F9 27 0E 0D 81 25 31 FC A6 0F 1D 69 DB 60 4D 9B 6A 4A 85 F8 2F 25 EA 58 C8 A5 2F 49 7D 46 D8 2E 6D 74 90 4A 55 BF 61 B6 BE 67 2C FC E3 19 90 11 58 E2 62 01 0A 4D 4D A4 FE BF CF 43 75 1D E1 E0 38 39 CC 62 5F CA DA 77 81 2F D2 65 30 8A 68 C1 E0 52 CE D0 3D 50 AC C6 12 B5 A3 24 E1 07 91 FB F9 94 70 D3 83 32 23 0E CC 6A 57 0F BD FD 81 3E C8 E6 D2 6B 2B C1 E0 0A 0D 3A DF 5C 71 77 37 AD EF D6 82 04 09 89 88 84 23 5E 78 C6 56 58 ED 19 BD F9 0D 93 18 D6 C7 91 BD 77 68 15 E4 77 C3 13 2C AB D8 BE 82 8B 97 98 6D CB E6 57 CF 0E 9F AA 8D C4 30 21 CD 9D C2 8E 37 0C 59 F1 D8 CE 4E 0D 7D 36 9E F2 45 67 A5 3E 93 AC C5 F9 3A C7 EF 65 FD F2 7F B9 EC 0E 36 94 C7 04 82 A0 6A 38 90 98 6E EB D4 CD 1E 84 47 36 3F D9 2E 86 80 0A 19 C8 BC C0 57 C6 67 6E 0B F0 B6 9E E4 41 78 45 68 C5 08 EC CE 22 43 7E D9 AE 2A B9 AD 85 C6 B0 BD CC 45 C9 A2 C7 9D FA 30 18 6E 55 36 96 C8 53 58 35 2B DE B2 1E BB 3C FA FB A9 20 C3 09 87 99 60 F7 9E AC 64 F1 0A 22 14 27 C8 44 63 02 71 33 07 2C A8 32 FD 00 00 00 03 65 6E 64 00 00 00 09 62 65 67 69 6E 6E 69 6E 67 00 00 00 03 00 00 00 01 69 00 00 00 04 6C 6F 76 65 00 00 00 0A 65 66 66 69 63 69 65 6E 63 79 3E AA AA AB 5E 92 90 24 AA 12 33 D3 0E 00 00 02 13 32 1A EF BF BD EF BF BD 2F 68 EF BF BD 2E 0A 62 2A 50 EF BF BD 2F EF BF BD 01 EF BF BD EF BF BD EF BF BD 4F EF BF BD C2 99 EF BF BD 7B 61 EF BF BD 6E 27 EF BF BD EF BF BD 51 EF BF BD EF BF BD EF BF BD 6F 77 EF BF BD 2A EF BF BD EF BF BD EF BF BD 7D EF BF BD EF BF BD 39 EF BF BD EF BF BD 5A CA AD 4E 6C EF BF BD EF BF BD EF BF BD 62 13 D9 85 46 EF BF BD EF BF BD 12 2D EF BF BD EF BF BD EF BF BD EF BF BD 5E EF BF BD EF BF BD 5A EF BF BD 2F EF BF BD 77 EF BF BD EF BF BD EF BF BD EF BF BD 6F EF BF BD D1 B7 EF BF BD EF BF BD 6B 6B 4B EF BF BD 5D 14 5F 54 EF BF BD C7 A8 EF BF BD 0C 71 64 33 15 C3 A8 EF BF BD 13 EF BF BD EF BF BD EF BF BD 50 47 EF BF BD 0D 5D 42 EF BF BD 26 59 65 EF BF BD 42 EF BF BD 78 54 EF BF BD EF BF BD 1D EF BF BD EF BF BD 5F EF BF BD 2D EF BF BD 64 12 0A EF BF BD 1F EF BF BD EF BF BD EF BF BD 57 52 EF BF BD EF BF BD EF BF BD EF BF BD 22 02 EF BF BD 2E 0E 33 EF BF BD 64 5C D9 A5 EF BF BD 7E EF BF BD EF BF BD 3C 51 3B 78 EF BF BD C3 B9 EF BF BD D5 8E EF BF BD EF BF BD 0C EF BF BD 06 4F EF BF BD 40 50 78 EF BF BD 10 01 EF BF BD 56 EF BF BD 16 EF BF BD EF BF BD EF BF BD EF BF BD 27 66 34 EF BF BD 27 EF BF BD EF BF BD 62 EF BF BD 7A EF BF BD EF BF BD EF BF BD 31 64 EF BF BD D4 85 EF BF BD 12 75 1C 02 52 EF BF BD EF BF BD 0E EF BF BD 59 71 EF BF BD 35 DC 97 EF BF BD EF BF BD 64 7A EF BF BD EF BF BD 70 00 EF BF BD 61 07 EF BF BD 33 26 EF BF BD 4B 7E EF BF BD 36 5F EF BF BD 26 2C 3C EF BF BD 7A EF BF BD EF BF BD EF BF BD EF BF BD EF BF BD EF BF BD 0E 07 EF BF BD EF BF BD EF BF BD EF BF BD 46 EF BF BD 4B 0F EF BF BD 31 EF BF BD 2C 1A EF BF BD EF BF BD EF BF BD 00 00 02 38 32 1A 9B CD 2F 68 A9 2E 0A 62 2A 50 BD 2F 81 01 FF FC A2 4F BB C2 99 E5 7B 61 98 6E 27 97 CA 51 B6 F9 FB 6F 77 F4 2A 83 FD A9 7D A0 EA 39 E7 C7 5A CA AD 4E 6C D1 D5 DF 62 13 D9 85 46 E7 C7 12 2D B7 88 9C EB 5E ED A2 C2 5A F2 2F 9F 77 E0 86 87 B1 6F 9C D1 B7 B6 F6 6B 6B 4B AD 5D 14 5F 54 E8 C7 A8 E1 0C 71 64 33 15 C3 A8 D4 13 9A B5 FB 50 47 B8 0D 5D 42 C5 26 59 65 BF 42 E2 78 54 A0 CE 1D BC 83 5F F7 2D C5 64 12 0A 84 1F B7 88 ED 57 52 82 F8 C7 EC 22 02 E7 B4 2E 0E 33 FA 64 5C D9 A5 EE 7E EC 9D C5 3C 51 3B 78 C5 C3 B9 B7 D5 8E B1 F0 0C 8A 06 4F C9 40 50 78 92 10 01 8F 56 95 16 8D E7 C2 DC 27 66 34 A6 27 F5 9F 62 EC 7A BD 92 91 31 64 E7 BB D4 85 CA 12 75 1C 02 52 97 A4 0E B5 59 71 F4 35 DC 97 B3 8C 64 7A D8 FB 70 00 F9 61 07 DA 33 26 F3 4B 7E BF 36 5F 96 26 2C 3C 83 7A AA 8E FA EC F4 B8 0E 07 E9 BF C8 F7 D1 46 93 4B 0F B3 31 E0 2C 1A 88 88 EE C6 23 B1 E2 A7 7E DC 75 32 F6 C1 B3 0A D0 B4 14 FB 17 13 EF D3 E2 16 28 79 2C 83 70 EF 90 93 D7 A2 15 71 BB C2 2E 23 76 7B 0C B5 DB B4 6F 97 28 61 22 3C 2A BE B1 0B 41 FB E9 B8 09 BA 68 93 49 25 A5 EE 30 7E 43 81 CA 0A BD ED 1A 10 88 74 CA 46 8C 8E A3 74 D9 B9 AA CE 2E 0F 67 E1 70 E2 22 E8 31 A9 4E 63 9D 12 74 84 2E F2 F1 2D 68 1C AC A4 A2 FE E7 33 59 A4 64 C7 52 07 A0 BC D6 8F C2 68 2A 48 F9 08 4C 92 59 12 8B CB 68 4E 76 00 9D 9B 4B E0 58 90 BC C8 23 82 E5 D3 60 17 9E E9 6F 84 84 D0 B7 9C DC 61 13 E0 6C A9 DC 69 62 43 F2 EC 86 2B 96 F2 D1 3C 93 DF 62 76 5D B3 7B 4D 74 01 C6 E0 C3 60 F8 BB 9A A1 5A D6 30 A9 28 AD CC 7C 7E A0 CF 14 B1 5C 7D 7F F7 2E 32 C4 7F 4A 3B 06 9D 35 25 2B 53 2C B8 09 54 0F 76 ED E3 2C 87 D7 26 2D 83 87 11 43 21 4B 55 70 A3 74 90 5D 84 A0 08 F9 22 E5 E9 A6 B6 52 6E 90 AB 46 70 D2 83 AB 6F 36 D9 2D F1 85 F5 EE 97 C9 83 00 00 00 06 6D 69 64 64 6C 65 00 00 00 03 00 00 00 01 69 00 00 00 04 6C 6F 76 65 00 00 00 0A 65 66 66 69 63 69 65 6E 63 79 3E AA AA AB 59 5F BF 7C F3 40 E4 08 5F 00 00 00 F7 EF BF BD EF BF BD 68 EF BF BD 7D EF BF BD 69 EF BF BD 48 04 EF BF BD EF BF BD EF BF BD EF BF BD 71 7E 56 39 78 22 15 2D EF BF BD 3F 37 11 4B EF BF BD 32 D3 8A 4F EF BF BD EF BF BD EF BF BD C3 8A EF BF BD 22 EF BF BD 27 EF BF BD EF BF BD 49 EF BF BD 3B EF BF BD 37 16 EF BF BD 09 EF BF BD 61 EF BF BD EF BF BD 41 EF BF BD 14 3F 7C 1F 35 15 EF BF BD 2F 2E EF BF BD 1E EF BF BD EF BF BD EF BF BD 60 EF BF BD 14 EF BF BD EF BF BD EF BF BD EF BF BD 62 EF BF BD EF BF BD 07 EF BF BD EF BF BD C3 9B EF BF BD EF BF BD EF BF BD EF BF BD 25 48 15 D4 BB 35 53 EF BF BD 1A 34 76 EF BF BD 32 EF BF BD 3E 66 13 EF BF BD DF 86 03 6E C5 AF 70 EF BF BD 0A EF BF BD 5B EF BF BD 5A EF BF BD EF BF BD 50 69 57 EF BF BD EF BF BD 76 0D 16 EF BF BD EF BF BD 27 7F 00 00 01 12 B8 80 68 95 7D DD 69 A0 48 04 A7 81 BF 8A 71 7E 56 39 78 22 15 2D 95 3F 37 11 4B AA 32 D3 8A 4F FD E0 E5 C3 8A B1 22 D7 27 9C E5 AE 49 9C 3B AB 37 16 94 09 9C 61 F8 B7 41 8D 14 3F 7C 1F 35 15 E6 2F 2E D0 1E FB EC F2 60 DB 14 8E A9 FD E8 62 88 82 07 FF EC 98 C3 9B F7 9C 8A B5 25 48 15 D4 BB 35 53 82 1A 34 76 CA 32 C3 3E 66 13 87 DF 86 03 6E C5 AF 70 84 0A B8 5B E3 5A F3 F9 50 69 57 CB CE 76 0D 16 F4 EF 27 7F B2 4D 5A 8F 47 5E B6 A9 98 EF 28 8B 9A 9C D3 50 17 09 0F DA 8D A4 99 E6 E7 CF CE DB 72 0A 5F 4D F6 F4 A3 7A 0B 56 8B 3C D7 DE 46 11 41 15 89 1F 1C 00 DD 3F 11 BA C6 E1 8A A2 04 E9 DA CC 95 46 EA EA FF 01 33 5C DE C4 67 3F 8E CA C7 D6 11 F4 A9 7D C7 B0 6A D6 3A 16 FB 7C C2 F2 6B 35 F0 39 A9 16 EE A9 D8 B1 DC 0B 56 B3 77 F2 32 7A 06 5F 86 1A DC 4B B5 22 BE E1 E1 4B 00 5D 6D CB 21 97 4D 93 5A CA 47 99 60 21 F0 00 00 00 03 65 6E 64 00 00 00 02 00 00 00 03 00 00 00 09 62 65 67 69 6E 6E 69 6E 67 00 00 00 03 00 00 00 01 69 00 00 00 04 6C 6F 76 65 00 00 00 0A 65 66 66 69 63 69 65 6E 63 79 3E AA AA AB 39 89 D5 2A B4 92 D5 0A BC 00 00 01 FF 24 EF BF BD 17 02 EF BF BD EF BF BD EF BF BD 63 EF BF BD EF BF BD EF BF BD 3E 0F EF BF BD 73 09 EF BF BD 4A 73 08 CA BC 3C EF BF BD 2B C7 A5 19 5B EF BF BD EF BF BD EF BF BD EF BF BD 31 7C 7E 76 64 EF BF BD 6F EF BF BD 21 2A EF BF BD EF BF BD EF BF BD 61 06 48 D6 82 74 EF BF BD EF BF BD 78 51 20 EF BF BD EF BF BD 26 6E 69 7B 12 29 5C 2F EF BF BD EF BF BD EF BF BD EF BF BD EF BF BD C7 A8 EF BF BD EF BF BD 57 EF BF BD 5E 63 4D 02 EF BF BD EF BF BD EF BF BD 58 02 EF BF BD EF BF BD EF BF BD 20 EF BF BD EF BF BD 19 6A EF BF BD 48 24 EF BF BD 7A EF BF BD 6C C5 98 35 EF BF BD 64 D6 9E 14 EF BF BD 04 EF BF BD 11 EF BF BD 4F EF BF BD 44 15 4A 0A 17 EF BF BD 51 EF BF BD 04 6C 7F 6A 21 16 6D EF BF BD 6F EF BF BD 2B 58 EF BF BD EF BF BD 70 EF BF BD EF BF BD 74 52 45 EF BF BD 52 71 EF BF BD C6 B6 EF BF BD 6F 28 7B EF BF BD EF BF BD 26 20 55 EF BF BD EF BF BD EF BF BD EF BF BD 2C EF BF BD 43 4B EF BF BD 34 EF BF BD EF BF BD EF BF BD 37 5D EF BF BD 72 5A EF BF BD EF BF BD EF BF BD 03 EF BF BD EF BF BD EF BF BD 48 70 EF BF BD D2 BE 7A EF BF BD EF BF BD 4D EF BF BD 1F 24 EF BF BD 6C EF BF BD DC 86 EF BF BD 06 EF BF BD 10 EF BF BD EF BF BD 7A EF BF BD 01 45 28 41 61 EF BF BD 46 EF BF BD EF BF BD 44 74 36 EF BF BD EF BF BD 13 EF BF BD 28 29 60 EF BF BD 6E EF BF BD 17 1D 34 EF BF BD 39 EF BF BD EF BF BD 03 EF BF BD EF BF BD EF BF BD 63 3B EF BF BD 0C 29 EF BF BD 6B 78 CB BF EF BF BD 45 EF BF BD EF BF BD 36 EF BF BD 5F EF BF BD 35 20 10 06 EF BF BD 1D 34 EF BF BD 5E 08 EF BF BD EF BF BD 47 12 EF BF BD EF BF BD 5B EF BF BD 6D 3F 00 00 02 3A 24 8B 17 02 C4 F0 8C 63 F6 C1 AA 3E 0F C3 73 09 D8 4A 73 08 CA BC 3C F8 2B C7 A5 19 5B CB C1 B0 C3 31 7C 7E 76 64 E2 6F 92 21 2A CB F7 9A 61 06 48 D6 82 74 B7 E8 78 51 20 D6 CE 26 6E 69 7B 12 29 5C 2F DA F6 F5 81 F1 C7 A8 B1 B7 57 94 5E 63 4D 02 BC BB 8D 58 02 C8 D4 E9 84 20 EB EA 19 6A C2 48 24 87 7A C4 6C C5 98 35 E2 64 D6 9E 14 EE 04 F3 11 88 4F E4 44 15 4A 0A 17 A9 51 EE 04 6C 7F 6A 21 16 6D E3 6F 8B 2B 58 8A 99 70 DB DE 74 52 45 AB 52 71 E7 C6 B6 EB 6F 28 7B B8 84 26 20 55 F5 D8 D1 ED 2C D3 43 4B F3 34 C5 F4 F2 B6 37 5D E3 A6 72 5A BB E2 F4 03 AC B8 D8 48 70 C7 D2 BE 7A D6 CA 4D E4 1F 24 E5 6C BB DC 86 BC 06 E0 10 E9 F6 7A E9 01 45 28 41 61 D8 46 C0 B2 44 74 36 96 D3 13 94 28 29 60 8B 6E BD 17 1D 34 98 39 9B 98 03 CE ED BF F9 63 3B 8C 0C 29 F0 6B 78 CB BF A9 45 8E FD 36 C0 5F F4 35 20 10 06 C1 1D 34 F1 5E 08 B2 AC 47 12 D9 E8 5B A2 6D 3F 08 F0 BF 5D AA 36 0F 75 7D BE BC 7A 75 F7 06 5F CC 0C 6A 49 E8 5C DD 5D F3 2D 20 24 9A 75 A2 26 BF 49 CA 9B FC BA D4 21 7D 4F 70 9A C4 79 5C 9D A7 C4 86 9E 44 1C 66 AE AF 6F 14 2F A4 EB 77 B2 61 53 4A 05 61 96 3C D5 7C A4 C9 78 A0 E2 9A 07 C3 3B 6B 2F 1C DC 3C 3E 56 AA 12 2E F3 24 EE 06 79 C4 1B AC F0 E1 6C 9D 0B 7C 23 58 FC 63 CE 38 34 AD DD FF F3 65 DE 24 D8 CD 3E A9 34 A7 26 D7 B4 AD 43 A5 29 C5 27 38 53 27 D1 26 62 89 46 A1 8C 00 E6 56 82 A4 B4 66 38 DF E8 0B F3 01 1B EE A9 F7 F9 8A 0B 94 53 98 3A F7 66 EF A2 AE 47 04 00 E6 B5 3E 13 37 B3 83 56 05 4A 26 CE 2F 47 AA E0 8A A3 F7 43 E4 D8 63 58 3B 55 66 17 6C A5 FA DA E0 20 07 FD 5C 18 EA 88 74 99 AC 43 B6 AC 7B 33 FB 8A 0E 6B 6B 58 75 B5 3C C8 60 70 1A B9 6E 49 BA 35 C3 24 2B DF 80 07 43 E8 B7 07 C6 71 68 7D D0 46 F4 4F B8 E2 5C 5F DE E2 58 17 D0 A9 20 6D 16 80 CA 92 3D 5C 1F 26 70 4A 42 ED 00 00 00 06 6D 69 64 64 6C 65 00 00 00 03 00 00 00 01 69 00 00 00 04 6C 6F 76 65 00 00 00 0A 65 66 66 69 63 69 65 6E 63 79 3E AA AA AB 4F 8D 63 EF E4 FF D6 05 8A 00 00 00 CB EF BF BD 1E 7A EF BF BD 24 EF BF BD 25 EF BF BD 38 17 57 EF BF BD 11 5F EF BF BD EF BF BD EF BF BD 5E EF BF BD EF BF BD EF BF BD EF BF BD EF BF BD EF BF BD EF BF BD EF BF BD 41 EF BF BD 67 06 6D EF BF BD 5D EF BF BD EF BF BD 3C 60 DF AC 5B 6A EF BF BD EF BF BD 48 EF BF BD 2D EF BF BD 4D 3D 66 5B 7E 38 EF BF BD 5B 7A EF BF BD C8 80 EF BF BD EF BF BD EF BF BD EF BF BD 7F 13 7B 37 2F 11 69 DC 90 EF BF BD EF BF BD 7C 30 6A EF BF BD EF BF BD EF BF BD EF BF BD 46 0B EF BF BD EF BF BD EF BF BD 04 EF BF BD 12 EF BF BD EF BF BD EF BF BD 0A 07 EF BF BD 1B 17 EF BF BD 20 EF BF BD 46 7B EF BF BD EF BF BD EF BF BD 00 00 00 D2 EC 1E 7A 85 24 C4 25 D6 38 17 57 B2 11 5F A8 92 AD 5E B2 A3 8F AC 9E EA D4 DD 41 EF 67 06 6D C0 5D C3 F2 3C 60 DF AC 5B 6A FE A0 48 99 2D 90 4D 3D 66 5B 7E 38 CD 5B 7A AD C8 80 B1 AD BC E0 7F 13 7B 37 2F 11 69 DC 90 85 D5 7C 30 6A B8 9F B8 99 46 0B E6 DB E8 04 E1 12 FE 99 E3 0A 07 EC 1B 17 97 20 92 46 7B B3 D8 EF 3E 1A 75 2E 4C D9 27 4E A3 CF B6 E1 06 46 FA BA 0B 95 2A 11 10 84 72 98 73 3C B1 64 46 E6 DF D4 D6 42 A3 00 A6 E4 AC 4C 39 1F 72 49 D6 8A 9C 65 D1 12 F4 09 86 45 9E 67 38 B0 AD A0 07 83 B2 A2 27 0E 74 F2 0D 59 D9 68 27 36 FA 23 8C 6C 1E 52 3D FC 19 6C DD 35 6B 7A 29 40 24 88 4F CF 1B 8D AE 6F 69 88 41 40 25 D8 C6 00 00 00 03 65 6E 64 00 00 00 09 62 65 67 69 6E 6E 69 6E 67 00 00 00 03 00 00 00 01 69 00 00 00 04 6C 6F 76 65 00 00 00 0A 65 66 66 69 63 69 65 6E 63 79 3E AA AA AB 58 76 F4 B1 C2 04 67 C1 16 00 00 00 A4 6C EF BF BD EF BF BD EF BF BD 7B EF BF BD 17 21 0C EF BF BD EF BF BD 57 3B 2E 1C DA BA 13 EF BF BD 3E DC 84 39 EF BF BD EF BF BD EF BF BD 75 32 64 20 EF BF BD EF BF BD EF BF BD EF BF BD 77 EF BF BD 2C 2D 6B 05 5A EF BF BD 29 4C EF BF BD 7B EF BF BD 61 EF BF BD EF BF BD EF BF BD 4F EF BF BD 02 6E 1C 70 EF BF BD 6B EF BF BD 71 EF BF BD C7 BF EF BF BD EF BF BD EF BF BD 3B 23 5F 7E 49 EF BF BD EF BF BD 47 EF BF BD EF BF BD EF BF BD 58 EF BF BD EF BF BD 37 31 EF BF BD 26 EF BF BD 14 34 C3 80 00 00 00 B5 6C 87 E1 E0 7B 98 17 21 0C F0 D0 57 3B 2E 1C DA BA 13 A5 3E DC 84 39 A7 8C E4 75 32 64 20 EF D1 FB FF 77 91 2C 2D 6B 05 5A 9C 29 4C F8 7B F9 61 8D A5 C2 4F C0 02 6E 1C 70 C5 6B D9 71 8A C7 BF 89 AE A0 3B 23 5F 7E 49 F6 C3 47 FA 9E E7 58 81 B5 37 31 96 26 CA 14 34 C3 80 05 ED DC 07 A3 E5 9D AC AC 13 3C 0D 2D 88 23 1C 3A E3 84 6D F9 51 FB C1 B9 BF 04 A8 9A 13 DA 88 EA 2F A3 41 BF 6D 5F 32 2D 35 25 7A 57 E5 69 53 0E B0 F0 43 CD CB 0B 21 F6 20 61 B6 32 4F 8F 19 E1 1E FA 45 32 A8 1F 47 B3 A7 E4 72 13 02 12 76 55 D1 A0 A5 A3 48 F5 4E 8B FE DD 00 00 00 06 6D 69 64 64 6C 65 00 00 00 03 00 00 00 01 69 00 00 00 04 6C 6F 76 65 00 00 00 0A 65 66 66 69 63 69 65 6E 63 79 3E AA AA AB 23 9D 88 7B AC 56 25 B4 BE 00 00 00 3A 50 EF BF BD 6B 0E EF BF BD 62 20 50 45 6C 51 EF BF BD EF BF BD 2B 42 EF BF BD 29 EF BF BD EF BF BD 4A EF BF BD EF BF BD 23 28 23 60 EF BF BD EF BF BD 59 4A 4D EF BF BD 06 28 00 00 00 47 50 C5 6B 0E AE 62 20 50 45 6C 51 B6 AD 2B 42 D1 29 F5 B6 4A C9 CE 23 28 23 60 D2 ED 83 59 4A 4D 93 06 28 9E 8F 4E 66 E1 04 7B 62 1A 8B D5 40 EC 8A ED A8 65 15 3B FD 36 DF 22 E6 5D F7 85 73 A2 AE A9 56 5B 4E 5A 07 00 00 00 03 65 6E 64 00 00 00 09 62 65 67 69 6E 6E 69 6E 67 00 00 00 03 00 00 00 01 69 00 00 00 04 6C 6F 76 65 00 00 00 0A 65 66 66 69 63 69 65 6E 63 79 3E AA AA AB 2F 54 AB 82 C1 57 FD 4C F3 00 00 01 FA EF BF BD 68 44 74 EF BF BD EF BF BD EF BF BD 54 09 EF BF BD 5A 59 EF BF BD 65 EF BF BD EF BF BD 44 36 EF BF BD 4D EF BF BD 5B EF BF BD 0F 45 0C EF BF BD EF BF BD EF BF BD 5C EF BF BD 18 5E 69 EF BF BD 32 72 20 EF BF BD 3C EF BF BD EF BF BD CB 8F EF BF BD 43 EF BF BD 12 D7 8B 3C EF BF BD 41 46 74 EF BF BD 7B EF BF BD EF BF BD 13 EF BF BD 4A 23 2D EF BF BD 4F 45 6A 3E 5B 2B 34 EF BF BD EF BF BD 1A EF BF BD EF BF BD 44 33 19 3A 04 EF BF BD EF BF BD 1C 1F EF BF BD 10 03 2E 1A EF BF BD EF BF BD EF BF BD EF BF BD 3F 20 EF BF BD 7E 44 3C EF BF BD EF BF BD 3D 14 1C 60 7E EF BF BD EF BF BD EF BF BD 03 3A EF BF BD EF BF BD EF BF BD 6F EF BF BD 10 EF BF BD 42 EF BF BD 27 1F 49 48 13 EF BF BD 02 EF BF BD EF BF BD 50 EF BF BD EF BF BD C5 A3 31 C6 A8 2E 7A 38 73 56 EF BF BD EF BF BD 4A EF BF BD 54 60 EF BF BD 7E EF BF BD EF BF BD EF BF BD EF BF BD EF BF BD 44 64 0E EF BF BD EF BF BD 3F EF BF BD EF BF BD EF BF BD E3 AF 84 48 5F EF BF BD 17 6A 38 EF BF BD 76 24 01 EF BF BD EE BD 84 3E EF BF BD EF BF BD 2D 76 EF BF BD EF BF BD 0D 06 EF BF BD EF BF BD 2E 6C 11 EF BF BD 38 44 3D EF BF BD EF BF BD 14 06 0A EF BF BD DB 84 32 79 29 36 11 EF BF BD EF BF BD 57 03 77 40 71 20 2D EF BF BD EF BF BD EF BF BD 76 EF BF BD EF BF BD 38 13 28 EF BF BD EF BF BD 3B 07 02 EF BF BD 6B 55 69 EF BF BD EF BF BD 30 7D EF BF BD 2B 7C EF BF BD 46 13 EF BF BD 30 EF BF BD DF 80 1A EF BF BD 27 74 5A 56 EF BF BD 6C EF BF BD EF BF BD 31 EF BF BD EF BF BD 36 EF BF BD EF BF BD 46 4F EF BF BD 6D EF BF BD 73 49 EF BF BD 02 24 EF BF BD 6F 18 0C 00 00 02 42 8B 68 44 74 FC FE E8 54 09 F0 5A 59 F5 65 93 8E 44 36 DD 4D A2 5B E7 B4 0F 45 0C FA 87 DB 5C BB 18 5E 69 98 32 72 20 A5 3C B2 A4 CB 8F ED 43 BA 12 D7 8B 3C 8F 41 46 74 D8 7B AB A6 13 8F 4A 23 2D E7 4F 45 6A 3E 5B 2B 34 A9 9D 1A F7 F3 44 33 19 3A 04 BB B0 1C 1F 88 10 03 2E 1A 92 B9 D6 DD 3F 20 EA 7E 44 3C FA 88 3D 14 1C 60 7E 84 C1 B6 03 3A EB 9A EE AC E6 6F 83 10 E8 42 AF 27 1F 49 48 13 E8 02 92 FD 50 86 C4 C5 A3 31 C6 A8 2E 7A 38 73 56 AD A4 4A DA 54 60 FB 7E B5 A7 B5 FC F7 44 64 0E C7 DB 3F 88 C2 DB E3 AF 84 48 5F A5 17 6A 38 91 76 24 01 87 EE BD 84 3E CA CC 2D 76 A4 B5 0D 06 86 D9 2E 6C 11 B9 38 44 3D CF E1 14 06 0A 97 DB 84 32 79 29 36 11 B0 9E 57 03 77 40 71 20 2D B7 AA FB 76 D0 CA 38 13 28 F2 FB 3B 07 02 D0 6B 55 69 87 B3 30 7D B8 2B 7C A9 46 13 A6 30 8E DF 80 1A E4 27 74 5A 56 B7 6C BC C0 31 F2 E8 36 87 87 46 4F 93 6D FA 73 49 C5 02 24 EE 6F 18 0C 2E E0 56 EA 66 8F 92 B4 5E 21 3A E4 75 4E 0E FE E1 3C 24 AB 38 B9 08 E5 86 9D 2D 3C 7B A9 E3 2B 0A 58 2F 98 F1 74 9E 1A C9 56 46 84 30 EF FE A8 E1 9D BC 30 2B 1C 21 17 A6 39 5C C5 24 5A E4 80 5A AC C4 2C 70 F1 F5 F1 5C D4 4A 8F D5 53 FC FD AC BF 42 67 54 C0 11 F4 55 F6 E2 09 0A 8E F0 25 17 C2 EE 19 98 52 5D C7 D7 20 7A 49 4B EE 36 87 90 19 B7 4B CA 37 12 CE 6A 6B 22 E6 0D 48 67 37 76 B6 2E 86 1E 40 D1 CF 8E C0 B2 CA 60 97 F3 16 73 92 BA CE 69 E2 1C D7 A6 7D 4E 4C 35 37 C3 56 28 FF 36 CE 7A D0 38 5E 3F CB 46 7D 94 AB 55 3C 5A 18 75 54 41 7C 64 A9 12 B1 9D C1 55 49 52 28 A5 A5 BB FF 78 83 DB 6F 6F 3B 65 A2 2A 8A 7C D2 FE F3 10 35 CB 1E D4 BF E5 3D D2 E0 13 75 B2 D5 87 EF AC 5B 9C 0C E4 20 5E 99 6C CC 93 70 00 71 71 4A 80 40 F8 3E 47 F9 FE A9 FC D5 31 55 A5 8C FB 05 37 D9 51 17 AC 33 84 E3 00 63 23 EC 9F FA CE 7E BE 33 0A 72 8E 1C ED E8 CD E3 2D 6F A5 FD 37 00 00 00 06 6D 69 64 64 6C 65 00 00 00 03 00 00 00 01 69 00 00 00 04 6C 6F 76 65 00 00 00 0A 65 66 66 69 63 69 65 6E 63 79 3E AA AA AB 08 C9 1D 51 B2 4E 67 09 A4 00 00 00 D6 0F 05 66 EF BF BD 44 3E 03 65 50 EF BF BD 44 EF BF BD EF BF BD 30 3F 69 EF BF BD 0D 65 EF BF BD 34 EF BF BD EF BF BD 6C EF BF BD D8 9A EF BF BD 3D D9 97 EF BF BD 7E 6A EF BF BD 47 EF BF BD 32 EF BF BD 15 EF BF BD 4C EF BF BD 4C 63 29 67 EF BF BD 6F EF BF BD D0 B6 0C 45 69 EF BF BD EF BF BD EF BF BD EF BF BD EF BF BD 3D EF BF BD 3E D0 9E EF BF BD D5 99 EF BF BD EF BF BD 7E 09 68 03 EF BF BD 0A EF BF BD 10 D5 80 EF BF BD 20 09 EF BF BD 6E 15 EF BF BD EF BF BD 42 15 EF BF BD 46 EF BF BD EF BF BD 1C EF BF BD E6 83 83 4B EF BF BD 3C 46 EF BF BD EF BF BD EF BF BD 4A EF BF BD EF BF BD EF BF BD EF BF BD EF BF BD 42 EF BF BD 7F 2D EF BF BD 25 00 00 00 F4 0F 05 66 83 44 3E 03 65 50 87 44 CD DE 30 3F 69 DE 0D 65 F1 9B 96 34 90 BB 6C F7 D8 9A E8 3D D9 97 A6 7E 6A 9B 47 A4 32 A0 15 90 4C B1 4C 63 29 67 83 6F C2 D0 B6 0C 45 69 A5 FF BC AE FD 3D CF 3E D0 9E E4 D5 99 C2 D3 7E 09 68 03 DA 0A 80 10 D5 80 B2 20 09 A0 6E 15 E9 F2 90 42 15 95 46 C9 F2 1C CA E6 83 83 4B AA 3C 46 80 D0 E9 4A B8 B4 EA 8C E3 D0 42 B5 7F 2D B1 25 4F 82 DC 11 07 AF 67 AA 21 2D A9 18 E9 E7 93 F9 42 3E 05 71 D2 DB 6B 99 E4 59 29 82 24 6E DD 1A C4 E6 E1 90 AD D5 94 2D 20 15 3F ED 01 5A 20 04 42 0E 66 E4 64 14 A1 DF 5C D4 A1 9D 31 6D A9 2C AF FA 59 CF CC EC 34 17 94 86 B3 9F 05 FF E2 F1 3C 3D DC DD A3 DF D9 CC E0 FC 40 5C E6 14 F8 32 A2 1A 4A 61 A8 22 46 C8 09 1F 66 33 D0 53 BE 82 BD A7 47 86 AA 40 E4 FE 7A 05 00 00 00 03 65 6E 64 00 00 00 02 00 00 00 09 62 65 67 69 6E 6E 69 6E 67 00 00 00 03 00 00 00 01 69 00 00 00 04 6C 6F 76 65 00 00 00 0A 65 66 66 69 63 69 65 6E 63 79 3E AA AA AB 44 29 2D 79 E3 68 AA 4D D0 00 00 01 24 EF BF BD D6 97 EF BF BD 2A 3B 2E EF BF BD EF BF BD C2 8C EF BF BD 1C 65 59 EF BF BD EF BF BD 50 EF BF BD EF BF BD D1 A8 EF BF BD 53 EF BF BD EF BF BD 20 7E EF BF BD 78 EF BF BD EF BF BD 12 61 3F EF BF BD EF BF BD EF BF BD EF BF BD 38 C6 B3 EF BF BD 38 EF BF BD 1E 24 16 4C EF BF BD 18 EF BF BD EF BF BD 3A EF BF BD 51 EF BF BD 17 73 34 EF BF BD 7E D9 9D 74 52 48 EF BF BD 6E 18 48 EF BF BD EF BF BD 72 EF BF BD C3 83 68 EF BF BD 60 EF BF BD EF BF BD 25 EF BF BD EF BF BD CF 94 69 40 EF BF BD 62 6A 07 EF BF BD EF BF BD 3F EF BF BD EF BF BD EF BF BD 6B EF BF BD EF BF BD 2B 57 35 44 EF BF BD EF BF BD 28 EF BF BD EF BF BD EF BF BD 3F 4E 76 EF BF BD EF BF BD 24 EF BF BD EF BF BD 51 EF BF BD 2C EF BF BD EF BF BD EF BF BD EF BF BD EF BF BD EF BF BD 37 71 EF BF BD EF BF BD 72 10 EF BF BD 15 22 0D EF BF BD 43 EF BF BD 2B 40 10 21 EF BF BD 2B EF BF BD EF BF BD EF BF BD EF BF BD 00 00 01 34 8E D6 97 D7 2A 3B 2E 97 FB C2 8C B5 1C 65 59 87 97 50 A8 AB D1 A8 CE 53 DC E3 20 7E DE 78 BC 93 12 61 3F A9 CA D3 CB 38 C6 B3 82 38 E7 1E 24 16 4C F6 18 E8 F6 3A F8 51 E9 96 17 73 34 A3 7E D9 9D 74 52 48 82 6E 18 48 AF 83 72 F9 C3 83 68 B3 60 AA C8 25 A4 8D CF 94 69 40 E5 62 6A 07 95 C0 3F 80 92 EB 83 6B E9 FE 2B 57 35 44 E4 ED 28 B0 B3 E9 3F 4E 76 8F ED 24 F3 E3 51 8A 2C 8D 87 FB CA D9 F8 37 71 84 E5 72 10 A1 15 22 0D F0 43 CF 2B 40 10 21 BB 2B F4 9F C1 D5 F2 BB FA C9 EC 0A 57 52 5B D6 E4 06 03 10 1B 0B 1D D8 1A 54 83 61 31 A5 DD 3C F6 AC A5 C0 30 AB 9E 22 A7 67 DA E8 BF DA 5E EC EA DE A2 BD 6D EE 06 AD 78 69 1C 7C 32 E8 86 F8 5D EF 95 2C 43 BB 3E 97 DB DA 8B 42 23 38 6A AE 83 71 12 77 0A 5C D9 F0 A8 A3 7B 88 1F 2D 3F AB 5C 63 DF D2 21 2F 20 E2 92 69 B9 52 65 C8 8A 84 24 47 7E AF 59 B5 66 BE C0 88 75 AD ED 78 AA 4A 0F E0 85 6A 93 A2 26 62 9B 81 59 84 AC 56 7D C8 35 86 9F 10 A7 D4 39 F5 E9 EF 36 BB 16 4E 4F 56 00 00 00 06 6D 69 64 64 6C 65 00 00 00 03 00 00 00 01 69 00 00 00 04 6C 6F 76 65 00 00 00 0A 65 66 66 69 63 69 65 6E 63 79 3E AA AA AB 57 EA 11 D0 B6 37 1C D6 CB 00 00 01 DB EF BF BD EF BF BD 4C EF BF BD EF BF BD 3D EF BF BD 02 EF BF BD C5 AE 78 E2 8F 8E 54 17 59 EF BF BD DF 95 EF BF BD 29 68 EF BF BD EF BF BD EF BF BD 79 07 03 EF BF BD 41 3C 27 3A 4D 0F 7F 62 EF BF BD EF BF BD 0D 3A EF BF BD 7B EF BF BD 69 09 EF BF BD 2C EF BF BD 20 EF BF BD EF BF BD EF BF BD 05 63 EF BF BD EF BF BD 77 EF BF BD 79 12 D3 A6 7A EF BF BD 26 EF BF BD 49 0E EF BF BD 5E EF BF BD 20 1B 1B 3A EF BF BD EF BF BD EF BF BD 0F EF BF BD 72 EF BF BD 4E EF BF BD 7A 5B EF BF BD 52 EF BF BD 2B 71 EF BF BD EF BF BD 5A 07 EF BF BD 2E 65 45 1A EF BF BD EF BF BD 21 EF BF BD 3B 72 5F 50 EF BF BD EF BF BD 0E EF BF BD EF BF BD EF BF BD EF BF BD 0D EF BF BD EF BF BD EF BF BD 57 EF BF BD 1F C2 89 53 5E 71 52 25 4B 6F EF BF BD EF BF BD 00 EF BF BD EF BF BD EF BF BD EF BF BD EF BF BD EF BF BD EF BF BD 5E 30 73 EF BF BD 6A 0C 55 EF BF BD 04 70 55 7B 5C EF BF BD EF BF BD EF BF BD 40 EF BF BD EF BF BD EF BF BD EF BF BD EF BF BD 40 EF BF BD EF BF BD EF BF BD 46 EF BF BD 53 EF BF BD EF BF BD D0 93 7A EF BF BD EF BF BD EF BF BD EF BF BD 4E EF BF BD 59 EF BF BD 44 25 D5 8C EF BF BD 6E 71 C7 9B 53 EF BF BD EF BF BD 7C EF BF BD 08 EF BF BD EF BF BD 59 20 1D EF BF BD 10 EF BF BD EF BF BD 1B 79 20 EF BF BD 58 EF BF BD 12 3E 2C 45 EF BF BD 41 58 62 1B 2C EF BF BD 0D EF BF BD 5C EF BF BD EF BF BD EF BF BD 6E 23 EF BF BD 05 EF BF BD 4B D2 8F 38 EF BF BD 1B EF BF BD EF BF BD EF BF BD 16 EF BF BD EF BF BD 20 66 54 34 EF BF BD 2F 47 00 00 02 0A E4 FF 4C F7 93 3D AE 02 A4 C5 AE 78 E2 8F 8E 54 17 59 EF DF 95 F0 29 68 8F E7 CB 79 07 03 82 41 3C 27 3A 4D 0F 7F 62 F3 E3 0D 3A D7 7B DD 69 09 F0 2C 99 20 A9 FA C0 05 63 B2 A7 77 AD 79 12 D3 A6 7A DB 26 EC 49 0E 81 5E 85 20 1B 1B 3A 9F F7 A7 0F 85 72 F5 4E 8E 7A 5B A0 52 C8 2B 71 B0 9B 5A 07 AB 2E 65 45 1A 86 F1 BE 21 AC 3B 72 5F 50 C5 D6 0E B8 9B 8B AE 0D F5 A1 BA 57 F6 1F C2 89 53 5E 71 52 25 4B 6F 80 DB 00 D7 D7 E9 8B E8 D1 D7 D3 5E 30 73 B4 6A 0C 55 AD 04 70 55 7B 5C 83 D0 C8 40 B8 CD C1 96 F7 40 CD C8 CC 46 E5 53 DE EE D0 93 7A 86 B5 F3 A1 C0 4E A2 59 E4 BD 44 25 D5 8C F2 6E 71 C7 9B 53 A9 FA 7C 92 08 A3 99 59 20 1D 80 10 94 B5 1B 79 20 C9 58 C5 12 3E 2C 45 A7 41 58 62 1B 2C F7 0D 81 5C FF CE F9 6E 23 E2 05 A9 4B D2 8F 38 F7 1B 83 C6 DB 16 A3 94 20 66 54 34 93 2F 47 3C 10 45 9A FB A6 F8 76 86 88 48 3A 33 8D 54 1E 12 90 D8 9C 98 DD 18 2E 13 6A 73 29 DC 43 D2 65 5B 1C 82 A7 DE 19 E9 F0 18 4D 64 E1 84 AC 82 1B 28 14 ED 41 09 B7 1D 9F 8A 52 A3 39 5F 83 C7 5B 6E 67 F0 BF 62 D1 A4 6F F6 BE 84 1F BE 9F CF 15 05 2A E1 EB BA 08 12 B7 61 8E 58 DD 26 D9 2F 00 16 4F 5C E1 23 A1 90 0A 8E 49 C6 9D B2 55 9F CF 3A 55 3D 39 19 F8 90 87 FB 41 36 2F 84 9E AD A2 B9 7A 0F 6A 75 02 3D 70 3C DB 85 08 56 5F CB BF 94 94 44 6D D9 E9 9B F9 6D DD 5F 8D 64 82 39 81 61 1A 07 A0 6A 26 65 62 EA 35 05 92 38 AA 25 90 1A A4 EF ED 0A DC 31 47 88 48 0B 1C 16 1F EB 52 61 36 10 2B 6F 10 BE 36 FB 44 14 6E 13 5E A4 A0 E2 8C 2C C3 B7 C1 A4 82 29 19 21 43 1C D4 BF BC D2 59 0D 96 6F 3B B8 56 8B D2 3C 57 65 2F 72 83 B4 6C 50 1E 15 82 35 0C E7 CD A3 2C 14 56 BE DE DF 21 08 D3 91 00 00 00 03 65 6E 64 00 00 00 09 62 65 67 69 6E 6E 69 6E 67 00 00 00 03 00 00 00 01 69 00 00 00 04 6C 6F 76 65 00 00 00 0A 65 66 66 69 63 69 65 6E 63 79 3E AA AA AB 52 8D 96 93 E5 F7 2B 12 BF 00 00 01 39 EF BF BD 43 7D 31 1E 03 47 EF BF BD 46 EF BF BD EF BF BD 71 EF BF BD EF BF BD 7B EF BF BD EF BF BD 7D EF BF BD 43 EF BF BD EF BF BD EF BF BD 27 EF BF BD 5F EF BF BD 0A 0C EF BF BD EF BF BD EF BF BD CD A0 EF BF BD EF BF BD 43 EF BF BD EF BF BD 16 C5 99 66 EF BF BD EF BF BD 36 EF BF BD EF BF BD 73 35 4C EF BF BD 47 0C EF BF BD EF BF BD EF BF BD 41 EF BF BD 73 5D EF BF BD D9 BD EF BF BD EF BF BD 14 EF BF BD DB B6 EF BF BD 72 21 CB B3 21 EF BF BD 25 EF BF BD 03 2B 7E 2A EF BF BD EF BF BD 36 EF BF BD EF BF BD EF BF BD EF BF BD 1F 76 EF BF BD EF BF BD EF BF BD EF BF BD 3B 59 2E 55 EF BF BD 3D EF BF BD DD 93 6E 05 CD A3 3F CC A6 5C D8 A4 EF BF BD 4B EF BF BD EF BF BD 75 06 75 4F EF BF BD EF BF BD EF BF BD 6E EF BF BD EF BF BD 4F EF BF BD 63 06 1E 0F EF BF BD EF BF BD 35 EF BF BD EF BF BD EF BF BD EF BF BD EF BF BD EF BF BD 6B 08 EF BF BD 41 3B EF BF BD EF BF BD 34 49 EF BF BD 4B 1B EF BF BD EF BF BD EF BF BD EF BF BD EF BF BD 3B 07 00 00 01 46 CF 43 7D 31 1E 03 47 FC 46 A9 A6 71 C7 DD 7B B8 B4 7D 8E 43 83 DF D5 27 C7 5F AF 0A 0C 89 B4 F3 CD A0 B8 86 43 B3 F7 16 C5 99 66 9A FD 36 9C DA 73 35 4C E4 47 0C 97 A6 D4 41 FD 73 5D A7 D9 BD B1 A5 14 86 DB B6 89 72 21 CB B3 21 F7 25 F8 03 2B 7E 2A DE C5 36 93 9A FA B6 1F 76 D2 FB A5 87 3B 59 2E 55 99 3D ED DD 93 6E 05 CD A3 3F CC A6 5C D8 A4 DF 4B B2 B0 75 06 75 4F BB 82 B9 6E D9 CB 4F CE 63 06 1E 0F A9 9B 35 B8 EE E1 CD F9 9A 6B 08 DB 41 3B 92 F5 34 49 F2 4B 1B B9 A3 8F A0 E8 3B 07 13 FC 5B AF 78 7C 96 3C 53 05 FA 44 D2 1F 2F 38 CF 89 18 B0 AB 19 72 D9 CC 73 60 51 07 BD 0E 66 9E 2B FF 11 C3 BE 20 19 F7 59 C7 3D D5 25 72 B4 31 40 74 CE C8 4E 21 44 5F E5 9A 57 C3 97 A8 D5 41 97 39 84 38 AC E1 32 A6 98 DD 5D 45 8E 34 73 CB FD CF FF 0E C5 42 7A F1 F5 F5 C0 15 68 19 18 89 17 DE EF FF D4 D8 0D 81 75 23 25 E8 4C DF BF 92 72 B0 78 31 E1 6B 8F 7C BD CE 62 33 47 71 F7 AF D8 26 F7 BC 8A 7C F7 88 12 29 3F AE B8 39 AB E8 E5 A2 74 68 05 D1 BA 2F 0C CF CA 6E EE 20 90 FC D9 CB 00 00 00 06 6D 69 64 64 6C 65 00 00 00 03 00 00 00 01 69 00 00 00 04 6C 6F 76 65 00 00 00 0A 65 66 66 69 63 69 65 6E 63 79 3E AA AA AB 11 DF AA 16 8F 1C D7 80 64 00 00 01 D4 EF BF BD 3B CF 99 1B EF BF BD 22 EF BF BD EF BF BD 4F EF BF BD 48 3B EF BF BD 56 07 6D 69 6C EF BF BD 7F 51 20 67 32 EF BF BD EF BF BD EF BF BD EF BF BD EF BF BD 16 EF BF BD 64 4E EF BF BD 10 77 06 EF BF BD EF BF BD EF BF BD EF BF BD EF BF BD EF BF BD 60 EF BF BD EF BF BD EF BF BD 36 6F 25 39 EF BF BD 3F EF BF BD 2C EF BF BD 70 3D DF BA 5D EF BF BD 11 EF BF BD 77 6D 55 EF BF BD 1A 79 41 EF BF BD EF BF BD 54 EF BF BD EF BF BD EF BF BD EF BF BD 41 0C 49 EF BF BD 35 EF BF BD EF BF BD EF BF BD CC B6 45 EF BF BD C6 96 21 EF BF BD 42 EF BF BD 0C EF BF BD 60 EF BF BD 27 6A 4E 68 EF BF BD 6E 4D EF BF BD EF BF BD 15 4D EF BF BD 55 25 5A C9 B3 49 31 EF BF BD 48 EF BF BD 6F 08 EF BF BD 72 EF BF BD EF BF BD EF BF BD 72 29 EF BF BD 3B EF BF BD EF BF BD 0C 21 57 2E 29 79 3D EF BF BD EF BF BD EF BF BD EF BF BD 14 1F 73 05 EF BF BD 2A 16 EF BF BD 0B D0 9A 50 71 11 18 00 EF BF BD 04 08 32 C3 8A 68 EF BF BD 65 6D 5A EF BF BD 58 5F 12 EF BF BD 18 23 EF BF BD EF BF BD 3B 18 EF BF BD 37 EF BF BD 1D EF BF BD 4A 5B EF BF BD 6F EF BF BD 32 EF BF BD 6D EF BF BD 12 0C EF BF BD 10 EF BF BD EF BF BD 58 EF BF BD EF BF BD C6 99 EF BF BD EF BF BD EF BF BD 09 0A EF BF BD EF BF BD EF BF BD 3E 2B EF BF BD 21 3E EF BF BD EF BF BD E1 B5 81 62 55 EF BF BD 73 EF BF BD 2C EF BF BD 7C EF BF BD 3B EF BF BD 7F EF BF BD 4A 3C EF BF BD EF BF BD EF BF BD 0D EF BF BD EF BF BD 63 4F 23 04 EF BF BD 11 EF BF BD 40 72 EF BF BD 5F 00 00 02 11 AE 3B CF 99 1B A2 22 CC E4 4F F0 48 3B EA 56 07 6D 69 6C F0 BF 7F 51 20 67 32 A2 DF F0 F5 DF 16 BC 64 4E E3 10 77 06 A7 FD 8B BF 80 AF 60 BC F6 BC 36 6F 25 39 A6 3F A2 2C C4 70 3D DF BA 5D E1 11 FC 77 6D 55 CC 1A 79 41 A2 E8 54 F2 F9 8F CE 41 0C 49 91 35 80 93 DD CC B6 45 A0 C6 96 21 B6 42 C2 0C AF 60 8F 27 6A 4E 68 9C 6E 4D AE 84 15 4D BA 55 25 5A C9 B3 49 31 97 48 B7 6F 08 CF 72 F8 98 82 72 29 BB 3B D8 F7 0C 21 57 2E 29 79 3D 83 AF AE 94 14 1F 73 05 B6 2A 16 80 0B D0 9A 50 71 11 18 00 AD 04 08 32 C3 8A 68 ED A8 89 65 6D 5A EF 58 5F 12 F5 18 23 AD 89 3B 18 AE 37 84 1D FF 4A 5B C8 6F 97 32 DC 6D EA 12 0C F0 B2 10 86 9E 58 CB EF C6 99 E4 DB DB 09 0A 88 D0 EB 3E 2B 88 21 3E CC F2 E1 B5 81 62 55 86 73 E1 2C EF 7C F0 3B 87 7F E8 4A 3C BA F7 F8 0D EB CD 63 4F 23 04 AC 11 C9 40 72 9C 5F 46 F8 06 17 79 94 CD 72 41 42 BD 94 F3 59 FA BD 2E 27 B2 D9 66 DA 1B 9E 03 0B 03 E0 66 E2 AB 14 6F B5 F8 1E 5A 9C 28 3E 5B A3 38 70 A7 60 8A BA A2 41 DA 1E 3F D6 F3 90 24 87 F3 09 F5 D4 D0 3D 68 A7 B4 4D 4A 9D 54 7B 58 AC 0A B0 85 85 C8 B2 E6 FC 7D 93 5F 42 50 65 9F FF C5 29 83 01 5E B0 70 73 9C F7 B3 B6 D6 96 29 96 B0 C0 56 D0 D4 C2 84 0F 8F 71 B2 16 CE D1 BC A8 7B F8 28 51 70 73 F9 6B 55 6A 23 7F 91 B0 10 AC AD 73 A5 8E 4C 3C 77 FC B3 8E 8A 90 A5 5B 5A 1A BA 57 02 0B 0A B2 29 83 55 72 CD 44 A7 A8 26 C2 D3 37 40 C8 9B F5 B1 AD A1 B6 1A FB 9F BD 69 AE 94 D0 B1 10 B7 BF 5C 0D 2C A9 07 DE 33 21 D6 FB B3 FC BB C3 58 71 96 DE 1D CC FA 07 CE 4F 70 2F B3 25 DB 2A CC F1 A0 53 30 5A CA 09 40 C2 60 E2 F1 BF EC 9A DB 6E 7F 56 F4 6E A6 B7 80 F1 08 D7 2F E9 A9 65 93 7F 37 F6 7F 16 35 60 90 97 57 00 00 00 03 65 6E 64 
Binary: >���.�2b????????i????love???
efficiency�H#ׯ????�`H�SYӲ%?G��CT?Vw���É�{�#trk6c��`?�ͮ��?j:.�k�}�`?
��qג?2k�?�I��?\���;s{`,�?��w?���V�S�?�?�m�?|�??��]J��`��z?ю�qf}Tm5�udi�??S:3D�<�Z?U��]?q.T@?�H�l�����HHSO�١�QZ7O??�f��;M�?��ܦ?�wq�??tJڥ1��!/� ��t?7?p����97??���i�����mr�P?�H�%"�N6�p7W��ɬ/����Bg��=��(U����̓kS��?�56J��-��8???��`H�SYӲ%?G��CT?Vw���É�{�#trk6c��`?�ͮ��?j:.�k�}�`?
��qג?2k�?�I��?\���;s{`,�?��w?���V�S�?�?�m�?|�??��]J��`��z?ю�qf}Tm5�udi�??S:3D�<�Z?U�
Hex: 3E AA AA AB 2E C4 32 62 00 00 00 03 00 00 00 01 69 00 00 00 04 6C 6F 76 65 00 00 00 0A 65 66 66 69 63 69 65 6E 63 79 F0 48 23 D7 AF 00 00 01 1D BD 60 48 99 53 59 D3 B2 25 0B 47 FB 90 43 54 00 56 77 FE FF F9 C3 89 95 7B DB 23 74 72 6B 36 63 EF F3 60 08 D5 CD AE F0 C2 15 6A 3A 2E BF 6B 8B 7D AC 60 0F 0A D5 D5 71 D7 92 1E 32 6B A6 16 91 49 A2 F0 B2 17 5C 97 A8 A1 3B 73 7B 60 2C 99 10 F7 FA 77 0C 91 A8 81 56 BD 53 C0 10 AA 1F F9 6D C4 05 7C 86 12 19 E8 FB 5D 4A F5 D6 60 DB C5 7A 0E D1 8E A8 71 66 7D 54 6D 35 CB 75 64 0D 69 9B 19 14 53 3A 33 44 B4 3C F6 5A 01 55 FB 0D 8D 5D 0F 71 2E 54 40 14 A5 48 C7 6C 8E FD A0 9C D8 48 48 53 4F D6 D9 A1 EE 95 51 5A 37 4F 14 16 E9 66 CC ED 3B 4D C9 17 F3 AE D3 DC A6 16 B9 77 71 BC 15 1E 74 4A DA A5 31 BE B6 21 2F 94 20 C4 F5 74 18 37 08 70 8A 89 90 97 39 37 11 12 E0 9C FF 69 86 F8 A2 EB FE 6D 72 FA 50 1F BC 48 A9 25 22 9F 4E 36 A5 70 37 57 AD CD C9 AC 2F AA 98 84 F0 42 67 F4 D5 3D 83 8C 28 55 B1 8E CD D1 CC 93 6B 53 CB FA 11 BA 35 36 4A 93 F5 2D A5 F5 38 00 00 00 F1 EF BF BD 60 48 EF BF BD 53 59 D3 B2 25 0B 47 EF BF BD EF BF BD 43 54 00 56 77 EF BF BD EF BF BD EF BF BD C3 89 EF BF BD 7B EF BF BD 23 74 72 6B 36 63 EF BF BD EF BF BD 60 08 EF BF BD CD AE EF BF BD EF BF BD 15 6A 3A 2E EF BF BD 6B EF BF BD 7D EF BF BD 60 0F 0A EF BF BD EF BF BD 71 D7 92 1E 32 6B EF BF BD 16 EF BF BD 49 EF BF BD EF BF BD 17 5C EF BF BD EF BF BD EF BF BD 3B 73 7B 60 2C EF BF BD 10 EF BF BD EF BF BD 77 0C EF BF BD EF BF BD EF BF BD 56 EF BF BD 53 EF BF BD 10 EF BF BD 1F EF BF BD 6D EF BF BD 05 7C EF BF BD 12 19 EF BF BD EF BF BD 5D 4A EF BF BD EF BF BD 60 EF BF BD EF BF BD 7A 0E D1 8E EF BF BD 71 66 7D 54 6D 35 EF BF BD 75 64 0D 69 EF BF BD 19 14 53 3A 33 44 EF BF BD 3C EF BF BD 5A 01 55 EF BF BD 0D 
Binary: ????????????????????????????????????????food????pizza????????fruit????apple
Hex: 00 00 00 02 00 00 00 02 00 00 00 01 00 00 00 00 00 00 00 02 00 00 00 00 00 00 00 01 00 00 00 02 00 00 00 02 00 00 00 04 66 6F 6F 64 00 00 00 05 70 69 7A 7A 61 00 00 00 02 00 00 00 05 66 72 75 69 74 00 00 00 05 61 70 70 6C 65 
]]></system-out>
  <system-err><![CDATA[]]></system-err>
</testsuite>
