<?xml version="1.0" encoding="UTF-8"?>
<testsuite name="SpeedTest" tests="1" skipped="0" failures="0" errors="0" timestamp="2021-08-24T00:55:16" hostname="bellacia" time="16.926">
  <properties/>
  <testcase name="shouldGenerateTestResultFile()" classname="SpeedTest" time="16.926"/>
  <system-out><![CDATA[Gson average: 66889.275
Quanta2 average: 3215.9
Quanta average: 3469.625
MessagePack average: 9609.77
]]></system-out>
  <system-err><![CDATA[]]></system-err>
</testsuite>
